Log file open, 12/05/24 16:56:34
LogWindows: Failed to load 'aqProf.dll' (GetLastError=126)
LogWindows: File 'aqProf.dll' does not exist
LogWindows: Failed to load 'VtuneApi.dll' (GetLastError=126)
LogWindows: File 'VtuneApi.dll' does not exist
LogWindows: Failed to load 'VtuneApi32e.dll' (GetLastError=126)
LogWindows: File 'VtuneApi32e.dll' does not exist
LogConsoleResponse: Display: Failed to find resolution value strings in scalability ini. Falling back to default.
LogConsoleResponse: Display: Failed to find resolution value strings in scalability ini. Falling back to default.
LogInit: Display: Running engine for game: KiP01
LogPlatformFile: Not using cached read wrapper
LogTaskGraph: Started task graph with 5 named threads and 71 total threads with 3 sets of task threads.
LogStats: Stats thread started at 0.252561
LogICUInternationalization: ICU TimeZone Detection - Raw Offset: -8:00, Platform Override: ''
LogInit: Display: Loading text-based GConfig....
LogPluginManager: Mounting plugin MeshPainting
LogPluginManager: Mounting plugin XGEController
LogPluginManager: Mounting plugin Paper2D
LogPluginManager: Mounting plugin LiveLink
LogPluginManager: Mounting plugin AISupport
LogPluginManager: Mounting plugin LightPropagationVolume
LogPluginManager: Mounting plugin CameraShakePreviewer
LogPluginManager: Mounting plugin GameplayCameras
LogPluginManager: Mounting plugin EnvironmentQueryEditor
LogPluginManager: Mounting plugin OodleNetwork
LogPluginManager: Mounting plugin OodleData
LogPluginManager: Mounting plugin CLionSourceCodeAccess
LogPluginManager: Mounting plugin GitSourceControl
LogPluginManager: Mounting plugin AnimationSharing
LogPluginManager: Mounting plugin NullSourceCodeAccess
LogPluginManager: Mounting plugin PerforceSourceControl
LogPluginManager: Mounting plugin PixWinPlugin
LogPluginManager: Mounting plugin CodeLiteSourceCodeAccess
LogPluginManager: Mounting plugin PlasticSourceControl
LogPluginManager: Mounting plugin PluginUtils
LogPluginManager: Mounting plugin PropertyAccessNode
LogPluginManager: Mounting plugin RiderSourceCodeAccess
LogPluginManager: Mounting plugin SubversionSourceControl
LogPluginManager: Mounting plugin VisualStudioSourceCodeAccess
LogPluginManager: Mounting plugin TextureFormatOodle
LogPluginManager: Mounting plugin KDevelopSourceCodeAccess
LogPluginManager: Mounting plugin UObjectPlugin
LogPluginManager: Mounting plugin XCodeSourceCodeAccess
LogPluginManager: Mounting plugin DataValidation
LogPluginManager: Mounting plugin AssetManagerEditor
LogPluginManager: Mounting plugin GameplayTagsEditor
LogPluginManager: Mounting plugin FacialAnimation
LogPluginManager: Mounting plugin MacGraphicsSwitching
LogPluginManager: Mounting plugin CurveEditorTools
LogPluginManager: Mounting plugin MaterialAnalyzer
LogPluginManager: Mounting plugin VisualStudioCodeSourceCodeAccess
LogPluginManager: Mounting plugin SpeedTreeImporter
LogPluginManager: Mounting plugin PluginBrowser
LogPluginManager: Mounting plugin GeometryMode
LogPluginManager: Mounting plugin MobileLauncherProfileWizard
LogPluginManager: Mounting plugin DatasmithContent
LogPluginManager: Mounting plugin VariantManagerContent
LogPluginManager: Mounting plugin CryptoKeys
LogPluginManager: Mounting plugin Niagara
LogPluginManager: Mounting plugin BackChannel
LogPluginManager: Mounting plugin ChaosNiagara
LogPluginManager: Mounting plugin ChaosCloth
LogPluginManager: Mounting plugin CharacterAI
LogPluginManager: Mounting plugin ChaosSolverPlugin
LogPluginManager: Mounting plugin ChaosEditor
LogPluginManager: Mounting plugin AutomationUtils
LogPluginManager: Mounting plugin ChaosClothEditor
LogPluginManager: Mounting plugin GeometryCollectionPlugin
LogPluginManager: Mounting plugin GeometryCache
LogPluginManager: Mounting plugin AlembicImporter
LogPluginManager: Mounting plugin OpenImageDenoise
LogPluginManager: Mounting plugin MotoSynth
LogPluginManager: Mounting plugin PlanarCut
LogPluginManager: Mounting plugin PlatformCrypto
LogPluginManager: Mounting plugin AvfMedia
LogPluginManager: Mounting plugin AndroidMedia
LogPluginManager: Mounting plugin PythonScriptPlugin
LogPluginManager: Mounting plugin GeometryProcessing
LogPluginManager: Mounting plugin ProxyLODPlugin
LogPluginManager: Mounting plugin MediaPlayerEditor
LogPluginManager: Mounting plugin MediaCompositing
LogPluginManager: Mounting plugin SkeletalReduction
LogPluginManager: Mounting plugin WebMMedia
LogPluginManager: Mounting plugin MagicLeapLightEstimation
LogPluginManager: Mounting plugin MagicLeapPassableWorld
LogPluginManager: Mounting plugin ImgMedia
LogPluginManager: Mounting plugin LuminPlatformFeatures
LogPluginManager: Mounting plugin LevelSequenceEditor
LogPluginManager: Mounting plugin MatineeToLevelSequence
LogPluginManager: Mounting plugin ActorSequence
LogPluginManager: Mounting plugin MLSDK
LogPluginManager: Mounting plugin MagicLeapMedia
LogPluginManager: Mounting plugin WmfMedia
LogPluginManager: Mounting plugin LauncherChunkInstaller
LogPluginManager: Mounting plugin OnlineSubsystem
LogPluginManager: Mounting plugin TemplateSequence
LogPluginManager: Mounting plugin MagicLeap
LogPluginManager: Mounting plugin OnlineSubsystemNull
LogPluginManager: Mounting plugin ActorLayerUtilities
LogPluginManager: Mounting plugin OnlineSubsystemUtils
LogPluginManager: Mounting plugin AssetTags
LogPluginManager: Mounting plugin AppleMoviePlayer
LogPluginManager: Mounting plugin AudioSynesthesia
LogPluginManager: Mounting plugin AudioCapture
LogPluginManager: Mounting plugin ChunkDownloader
LogPluginManager: Mounting plugin AndroidPermission
LogPluginManager: Mounting plugin AndroidDeviceProfileSelector
LogPluginManager: Mounting plugin AppleImageUtils
LogPluginManager: Mounting plugin ArchVisCharacter
LogPluginManager: Mounting plugin EditableMesh
LogPluginManager: Mounting plugin CableComponent
LogPluginManager: Mounting plugin CustomMeshComponent
LogPluginManager: Mounting plugin ExampleDeviceProfileSelector
LogPluginManager: Mounting plugin AndroidMoviePlayer
LogPluginManager: Mounting plugin GoogleCloudMessaging
LogPluginManager: Mounting plugin GooglePAD
LogPluginManager: Mounting plugin LocationServicesBPLibrary
LogPluginManager: Mounting plugin MobilePatchingUtils
LogPluginManager: Mounting plugin LinuxDeviceProfileSelector
LogPluginManager: Mounting plugin OpenXR
LogPluginManager: Mounting plugin OpenXREyeTracker
LogPluginManager: Mounting plugin PhysXVehicles
LogPluginManager: Mounting plugin OpenXRHandTracking
LogPluginManager: Mounting plugin PostSplashScreen
LogPluginManager: Mounting plugin IOSDeviceProfileSelector
LogPluginManager: Mounting plugin Synthesis
LogPluginManager: Mounting plugin RuntimePhysXCooking
LogPluginManager: Mounting plugin PropertyAccessEditor
LogPluginManager: Mounting plugin SignificanceManager
LogPluginManager: Mounting plugin ProceduralMeshComponent
LogPluginManager: Mounting plugin SoundFields
LogPluginManager: Mounting plugin ScreenshotTools
LogPluginManager: Mounting plugin WindowsMoviePlayer
LogPluginManager: Mounting plugin WebMMoviePlayer
LogPluginManager: Mounting plugin UdpMessaging
LogPluginManager: Mounting plugin Takes
LogPluginManager: Mounting plugin TcpMessaging
LogPluginManager: Mounting plugin ContentBrowserClassDataSource
LogPluginManager: Mounting plugin ContentBrowserFileDataSource
LogPluginManager: Mounting plugin ContentBrowserAssetDataSource
LogPluginManager: Mounting plugin OnlineSubsystemGooglePlay
LogPluginManager: Mounting plugin OnlineSubsystemIOS
LogPluginManager: Mounting plugin DatabaseSupport
LogPluginManager: Mounting plugin SQLiteCore
LogPluginManager: Mounting plugin SQLiteSupport
LogPluginManager: Mounting plugin OculusVR
LogPluginManager: Mounting plugin SteamVR
LogPluginManager: Mounting plugin SimpleSQLite
PixWinPlugin: PIX capture plugin failed to initialize! Check that the process is launched from PIX.
LogInit: Using libcurl 7.55.1-DEV
LogInit:  - built for x86_64-pc-win32
LogInit:  - supports SSL with OpenSSL/1.1.1
LogInit:  - supports HTTP deflate (compression) using libz 1.2.8
LogInit:  - other features:
LogInit:      CURL_VERSION_SSL
LogInit:      CURL_VERSION_LIBZ
LogInit:      CURL_VERSION_IPV6
LogInit:      CURL_VERSION_ASYNCHDNS
LogInit:      CURL_VERSION_LARGEFILE
LogInit:      CURL_VERSION_IDN
LogInit:  CurlRequestOptions (configurable via config and command line):
LogInit:  - bVerifyPeer = true  - Libcurl will verify peer certificate
LogInit:  - bUseHttpProxy = false  - Libcurl will NOT use HTTP proxy
LogInit:  - bDontReuseConnections = false  - Libcurl will reuse connections
LogInit:  - MaxHostConnections = 16  - Libcurl will limit the number of connections to a host
LogInit:  - LocalHostAddr = Default
LogInit:  - BufferSize = 65536
LogOnline: OSS: Creating online subsystem instance for: NULL
LogInit: WinSock: version 1.1 (2.2), MaxSocks=32767, MaxUdp=65467
LogOnline: OSS: TryLoadSubsystemAndSetDefault: Loaded subsystem for module [NULL]
LogOculusPluginWrapper: OculusPlugin initialized successfully
LogHMD: Failed initializing OVRPlugin 1.59.0
LogInit: Build: ++UE4+Release-4.27-CL-18319896
LogInit: Engine Version: 4.27.2-18319896+++UE4+Release-4.27
LogInit: Compatible Engine Version: 4.27.0-17155196+++UE4+Release-4.27
LogInit: Net CL: 17155196
LogInit: OS: Windows 10 (Release 2009) (), CPU: 13th Gen Intel(R) Core(TM) i7-13700HX, GPU: Intel(R) UHD Graphics
LogInit: Compiled (64-bit): Nov 30 2021 07:12:08
LogInit: Compiled with Visual C++: 19.24.28315.00
LogInit: Build Configuration: Development
LogInit: Branch Name: ++UE4+Release-4.27
LogInit: Command Line: 
LogInit: Base Directory: C:/Program Files/Epic Games/UE_4.27/Engine/Binaries/Win64/
LogInit: Allocator: TBB
LogInit: Installed Engine Build: 1
LogDevObjectVersion: Number of dev versions registered: 29
LogDevObjectVersion:   Dev-Blueprints (B0D832E4-1F89-4F0D-ACCF-7EB736FD4AA2): 10
LogDevObjectVersion:   Dev-Build (E1C64328-A22C-4D53-A36C-8E866417BD8C): 0
LogDevObjectVersion:   Dev-Core (375EC13C-06E4-48FB-B500-84F0262A717E): 4
LogDevObjectVersion:   Dev-Editor (E4B068ED-F494-42E9-A231-DA0B2E46BB41): 40
LogDevObjectVersion:   Dev-Framework (CFFC743F-43B0-4480-9391-14DF171D2073): 37
LogDevObjectVersion:   Dev-Mobile (B02B49B5-BB20-44E9-A304-32B752E40360): 3
LogDevObjectVersion:   Dev-Networking (A4E4105C-59A1-49B5-A7C5-40C4547EDFEE): 0
LogDevObjectVersion:   Dev-Online (39C831C9-5AE6-47DC-9A44-9C173E1C8E7C): 0
LogDevObjectVersion:   Dev-Physics (78F01B33-EBEA-4F98-B9B4-84EACCB95AA2): 14
LogDevObjectVersion:   Dev-Platform (6631380F-2D4D-43E0-8009-CF276956A95A): 0
LogDevObjectVersion:   Dev-Rendering (12F88B9F-8875-4AFC-A67C-D90C383ABD29): 45
LogDevObjectVersion:   Dev-Sequencer (7B5AE74C-D270-4C10-A958-57980B212A5A): 13
LogDevObjectVersion:   Dev-VR (D7296918-1DD6-4BDD-9DE2-64A83CC13884): 3
LogDevObjectVersion:   Dev-LoadTimes (C2A15278-BFE7-4AFE-6C17-90FF531DF755): 1
LogDevObjectVersion:   Private-Geometry (6EACA3D4-40EC-4CC1-B786-8BED09428FC5): 3
LogDevObjectVersion:   Dev-AnimPhys (29E575DD-E0A3-4627-9D10-D276232CDCEA): 17
LogDevObjectVersion:   Dev-Anim (AF43A65D-7FD3-4947-9873-3E8ED9C1BB05): 15
LogDevObjectVersion:   Dev-ReflectionCapture (6B266CEC-1EC7-4B8F-A30B-E4D90942FC07): 1
LogDevObjectVersion:   Dev-Automation (0DF73D61-A23F-47EA-B727-89E90C41499A): 1
LogDevObjectVersion:   FortniteMain (601D1886-AC64-4F84-AA16-D3DE0DEAC7D6): 47
LogDevObjectVersion:   FortniteRelease (E7086368-6B23-4C58-8439-1B7016265E91): 1
LogDevObjectVersion:   Dev-Enterprise (9DFFBCD6-494F-0158-E221-12823C92A888): 10
LogDevObjectVersion:   Dev-Niagara (F2AED0AC-9AFE-416F-8664-AA7FFA26D6FC): 1
LogDevObjectVersion:   Dev-Destruction (174F1F0B-B4C6-45A5-B13F-2EE8D0FB917D): 10
LogDevObjectVersion:   Dev-Physics-Ext (35F94A83-E258-406C-A318-09F59610247C): 41
LogDevObjectVersion:   Dev-PhysicsMaterial-Chaos (B68FC16E-8B1B-42E2-B453-215C058844FE): 1
LogDevObjectVersion:   Dev-CineCamera (B2E18506-4273-CFC2-A54E-F4BB758BBA07): 1
LogDevObjectVersion:   Dev-VirtualProduction (64F58936-FD1B-42BA-BA96-7289D5D0FA4E): 1
LogDevObjectVersion:   Dev-MediaFramework (6F0ED827-A609-4895-9C91-998D90180EA4): 2
LogInit: Presizing for max 25165824 objects, including 0 objects not considered by GC, pre-allocating 0 bytes for permanent pool.
LogConfig: Applying CVar settings from Section [/Script/Engine.StreamingSettings] File [C:/Users/jmcro/OneDrive/Documents/GitHub/Knowledge-Is-Power/Saved/Config/Windows/Engine.ini]
LogConfig: Setting CVar [[s.MinBulkDataSizeForAsyncLoading:131072]]
LogConfig: Setting CVar [[s.AsyncLoadingThreadEnabled:0]]
LogConfig: Setting CVar [[s.EventDrivenLoaderEnabled:1]]
LogConfig: Setting CVar [[s.WarnIfTimeLimitExceeded:0]]
LogConfig: Setting CVar [[s.TimeLimitExceededMultiplier:1.5]]
LogConfig: Setting CVar [[s.TimeLimitExceededMinTime:0.005]]
LogConfig: Setting CVar [[s.UseBackgroundLevelStreaming:1]]
LogConfig: Setting CVar [[s.PriorityAsyncLoadingExtraTime:15.0]]
LogConfig: Setting CVar [[s.LevelStreamingActorsUpdateTimeLimit:5.0]]
LogConfig: Setting CVar [[s.PriorityLevelStreamingActorsUpdateExtraTime:5.0]]
LogConfig: Setting CVar [[s.LevelStreamingComponentsRegistrationGranularity:10]]
LogConfig: Setting CVar [[s.UnregisterComponentsTimeLimit:1.0]]
LogConfig: Setting CVar [[s.LevelStreamingComponentsUnregistrationGranularity:5]]
LogConfig: Setting CVar [[s.FlushStreamingOnExit:1]]
LogInit: Object subsystem initialized
LogConfig: Setting CVar [[con.DebugEarlyDefault:1]]
LogConfig: Setting CVar [[r.setres:1280x720]]
[2024.12.06-00.56.35:096][  0]LogConfig: Setting CVar [[r.VSync:0]]
[2024.12.06-00.56.35:096][  0]LogConfig: Setting CVar [[r.RHICmdBypass:0]]
[2024.12.06-00.56.35:096][  0]LogConfig: Applying CVar settings from Section [/Script/Engine.RendererSettings] File [C:/Users/jmcro/OneDrive/Documents/GitHub/Knowledge-Is-Power/Saved/Config/Windows/Engine.ini]
[2024.12.06-00.56.35:096][  0]LogConfig: Setting CVar [[r.GPUCrashDebugging:0]]
[2024.12.06-00.56.35:096][  0]LogConfig: Applying CVar settings from Section [/Script/Engine.RendererOverrideSettings] File [C:/Users/jmcro/OneDrive/Documents/GitHub/Knowledge-Is-Power/Saved/Config/Windows/Engine.ini]
[2024.12.06-00.56.35:096][  0]LogConfig: Applying CVar settings from Section [/Script/Engine.StreamingSettings] File [C:/Users/jmcro/OneDrive/Documents/GitHub/Knowledge-Is-Power/Saved/Config/Windows/Engine.ini]
[2024.12.06-00.56.35:096][  0]LogConfig: Setting CVar [[s.MinBulkDataSizeForAsyncLoading:131072]]
[2024.12.06-00.56.35:096][  0]LogConfig: Setting CVar [[s.AsyncLoadingThreadEnabled:0]]
[2024.12.06-00.56.35:096][  0]LogConfig: Setting CVar [[s.EventDrivenLoaderEnabled:1]]
[2024.12.06-00.56.35:096][  0]LogConfig: Setting CVar [[s.WarnIfTimeLimitExceeded:0]]
[2024.12.06-00.56.35:096][  0]LogConfig: Setting CVar [[s.TimeLimitExceededMultiplier:1.5]]
[2024.12.06-00.56.35:096][  0]LogConfig: Setting CVar [[s.TimeLimitExceededMinTime:0.005]]
[2024.12.06-00.56.35:096][  0]LogConfig: Setting CVar [[s.UseBackgroundLevelStreaming:1]]
[2024.12.06-00.56.35:096][  0]LogConfig: Setting CVar [[s.PriorityAsyncLoadingExtraTime:15.0]]
[2024.12.06-00.56.35:096][  0]LogConfig: Setting CVar [[s.LevelStreamingActorsUpdateTimeLimit:5.0]]
[2024.12.06-00.56.35:096][  0]LogConfig: Setting CVar [[s.PriorityLevelStreamingActorsUpdateExtraTime:5.0]]
[2024.12.06-00.56.35:096][  0]LogConfig: Setting CVar [[s.LevelStreamingComponentsRegistrationGranularity:10]]
[2024.12.06-00.56.35:096][  0]LogConfig: Setting CVar [[s.UnregisterComponentsTimeLimit:1.0]]
[2024.12.06-00.56.35:096][  0]LogConfig: Setting CVar [[s.LevelStreamingComponentsUnregistrationGranularity:5]]
[2024.12.06-00.56.35:096][  0]LogConfig: Setting CVar [[s.FlushStreamingOnExit:1]]
[2024.12.06-00.56.35:096][  0]LogConfig: Applying CVar settings from Section [/Script/Engine.GarbageCollectionSettings] File [C:/Users/jmcro/OneDrive/Documents/GitHub/Knowledge-Is-Power/Saved/Config/Windows/Engine.ini]
[2024.12.06-00.56.35:096][  0]LogConfig: Setting CVar [[gc.MaxObjectsNotConsideredByGC:1]]
[2024.12.06-00.56.35:096][  0]LogConfig: Setting CVar [[gc.SizeOfPermanentObjectPool:0]]
[2024.12.06-00.56.35:096][  0]LogConfig: Setting CVar [[gc.FlushStreamingOnGC:0]]
[2024.12.06-00.56.35:096][  0]LogConfig: Setting CVar [[gc.NumRetriesBeforeForcingGC:10]]
[2024.12.06-00.56.35:096][  0]LogConfig: Setting CVar [[gc.AllowParallelGC:1]]
[2024.12.06-00.56.35:096][  0]LogConfig: Setting CVar [[gc.TimeBetweenPurgingPendingKillObjects:61.1]]
[2024.12.06-00.56.35:096][  0]LogConfig: Setting CVar [[gc.MaxObjectsInEditor:25165824]]
[2024.12.06-00.56.35:096][  0]LogConfig: Setting CVar [[gc.IncrementalBeginDestroyEnabled:1]]
[2024.12.06-00.56.35:096][  0]LogConfig: Setting CVar [[gc.CreateGCClusters:1]]
[2024.12.06-00.56.35:096][  0]LogConfig: Setting CVar [[gc.MinGCClusterSize:5]]
[2024.12.06-00.56.35:096][  0]LogConfig: Setting CVar [[gc.ActorClusteringEnabled:0]]
[2024.12.06-00.56.35:096][  0]LogConfig: Setting CVar [[gc.BlueprintClusteringEnabled:0]]
[2024.12.06-00.56.35:096][  0]LogConfig: Setting CVar [[gc.UseDisregardForGCOnDedicatedServers:0]]
[2024.12.06-00.56.35:096][  0]LogConfig: Setting CVar [[gc.MultithreadedDestructionEnabled:1]]
[2024.12.06-00.56.35:096][  0]LogConfig: Applying CVar settings from Section [/Script/Engine.NetworkSettings] File [C:/Users/jmcro/OneDrive/Documents/GitHub/Knowledge-Is-Power/Saved/Config/Windows/Engine.ini]
[2024.12.06-00.56.35:096][  0]LogConfig: Applying CVar settings from Section [/Script/UnrealEd.CookerSettings] File [C:/Users/jmcro/OneDrive/Documents/GitHub/Knowledge-Is-Power/Saved/Config/Windows/Engine.ini]
[2024.12.06-00.56.35:101][  0]LogConfig: Applying CVar settings from Section [ViewDistanceQuality@3] File [C:/Users/jmcro/OneDrive/Documents/GitHub/Knowledge-Is-Power/Saved/Config/Windows/Scalability.ini]
[2024.12.06-00.56.35:101][  0]LogConfig: Setting CVar [[r.SkeletalMeshLODBias:0]]
[2024.12.06-00.56.35:101][  0]LogConfig: Setting CVar [[r.ViewDistanceScale:1.0]]
[2024.12.06-00.56.35:101][  0]LogConfig: Applying CVar settings from Section [AntiAliasingQuality@3] File [C:/Users/jmcro/OneDrive/Documents/GitHub/Knowledge-Is-Power/Saved/Config/Windows/Scalability.ini]
[2024.12.06-00.56.35:101][  0]LogConfig: Setting CVar [[r.PostProcessAAQuality:4]]
[2024.12.06-00.56.35:101][  0]LogConfig: Applying CVar settings from Section [ShadowQuality@3] File [C:/Users/jmcro/OneDrive/Documents/GitHub/Knowledge-Is-Power/Saved/Config/Windows/Scalability.ini]
[2024.12.06-00.56.35:101][  0]LogConfig: Setting CVar [[r.LightFunctionQuality:1]]
[2024.12.06-00.56.35:101][  0]LogConfig: Setting CVar [[r.ShadowQuality:5]]
[2024.12.06-00.56.35:101][  0]LogConfig: Setting CVar [[r.Shadow.CSM.MaxCascades:10]]
[2024.12.06-00.56.35:101][  0]LogConfig: Setting CVar [[r.Shadow.MaxResolution:2048]]
[2024.12.06-00.56.35:101][  0]LogConfig: Setting CVar [[r.Shadow.MaxCSMResolution:2048]]
[2024.12.06-00.56.35:101][  0]LogConfig: Setting CVar [[r.Shadow.RadiusThreshold:0.01]]
[2024.12.06-00.56.35:101][  0]LogConfig: Setting CVar [[r.Shadow.DistanceScale:1.0]]
[2024.12.06-00.56.35:101][  0]LogConfig: Setting CVar [[r.Shadow.CSM.TransitionScale:1.0]]
[2024.12.06-00.56.35:101][  0]LogConfig: Setting CVar [[r.Shadow.PreShadowResolutionFactor:1.0]]
[2024.12.06-00.56.35:101][  0]LogConfig: Setting CVar [[r.DistanceFieldShadowing:1]]
[2024.12.06-00.56.35:101][  0]LogConfig: Setting CVar [[r.DistanceFieldAO:1]]
[2024.12.06-00.56.35:101][  0]LogConfig: Setting CVar [[r.AOQuality:2]]
[2024.12.06-00.56.35:101][  0]LogConfig: Setting CVar [[r.VolumetricFog:1]]
[2024.12.06-00.56.35:101][  0]LogConfig: Setting CVar [[r.VolumetricFog.GridPixelSize:8]]
[2024.12.06-00.56.35:101][  0]LogConfig: Setting CVar [[r.VolumetricFog.GridSizeZ:128]]
[2024.12.06-00.56.35:101][  0]LogConfig: Setting CVar [[r.VolumetricFog.HistoryMissSupersampleCount:4]]
[2024.12.06-00.56.35:101][  0]LogConfig: Setting CVar [[r.LightMaxDrawDistanceScale:1]]
[2024.12.06-00.56.35:101][  0]LogConfig: Setting CVar [[r.CapsuleShadows:1]]
[2024.12.06-00.56.35:101][  0]LogConfig: Applying CVar settings from Section [PostProcessQuality@3] File [C:/Users/jmcro/OneDrive/Documents/GitHub/Knowledge-Is-Power/Saved/Config/Windows/Scalability.ini]
[2024.12.06-00.56.35:101][  0]LogConfig: Setting CVar [[r.MotionBlurQuality:4]]
[2024.12.06-00.56.35:101][  0]LogConfig: Setting CVar [[r.AmbientOcclusionMipLevelFactor:0.4]]
[2024.12.06-00.56.35:101][  0]LogConfig: Setting CVar [[r.AmbientOcclusionMaxQuality:100]]
[2024.12.06-00.56.35:101][  0]LogConfig: Setting CVar [[r.AmbientOcclusionLevels:-1]]
[2024.12.06-00.56.35:101][  0]LogConfig: Setting CVar [[r.AmbientOcclusionRadiusScale:1.0]]
[2024.12.06-00.56.35:101][  0]LogConfig: Setting CVar [[r.DepthOfFieldQuality:2]]
[2024.12.06-00.56.35:101][  0]LogConfig: Setting CVar [[r.RenderTargetPoolMin:400]]
[2024.12.06-00.56.35:101][  0]LogConfig: Setting CVar [[r.LensFlareQuality:2]]
[2024.12.06-00.56.35:101][  0]LogConfig: Setting CVar [[r.SceneColorFringeQuality:1]]
[2024.12.06-00.56.35:101][  0]LogConfig: Setting CVar [[r.EyeAdaptationQuality:2]]
[2024.12.06-00.56.35:101][  0]LogConfig: Setting CVar [[r.BloomQuality:5]]
[2024.12.06-00.56.35:101][  0]LogConfig: Setting CVar [[r.FastBlurThreshold:100]]
[2024.12.06-00.56.35:101][  0]LogConfig: Setting CVar [[r.Upscale.Quality:3]]
[2024.12.06-00.56.35:101][  0]LogConfig: Setting CVar [[r.Tonemapper.GrainQuantization:1]]
[2024.12.06-00.56.35:101][  0]LogConfig: Setting CVar [[r.LightShaftQuality:1]]
[2024.12.06-00.56.35:101][  0]LogConfig: Setting CVar [[r.Filter.SizeScale:1]]
[2024.12.06-00.56.35:101][  0]LogConfig: Setting CVar [[r.Tonemapper.Quality:5]]
[2024.12.06-00.56.35:101][  0]LogConfig: Setting CVar [[r.DOF.Gather.AccumulatorQuality:1        ; higher gathering accumulator quality]]
[2024.12.06-00.56.35:101][  0]LogConfig: Setting CVar [[r.DOF.Gather.PostfilterMethod:1          ; Median3x3 postfilering method]]
[2024.12.06-00.56.35:101][  0]LogConfig: Setting CVar [[r.DOF.Gather.EnableBokehSettings:0       ; no bokeh simulation when gathering]]
[2024.12.06-00.56.35:101][  0]LogConfig: Setting CVar [[r.DOF.Gather.RingCount:4                 ; medium number of samples when gathering]]
[2024.12.06-00.56.35:101][  0]LogConfig: Setting CVar [[r.DOF.Scatter.ForegroundCompositing:1    ; additive foreground scattering]]
[2024.12.06-00.56.35:101][  0]LogConfig: Setting CVar [[r.DOF.Scatter.BackgroundCompositing:2    ; additive background scattering]]
[2024.12.06-00.56.35:101][  0]LogConfig: Setting CVar [[r.DOF.Scatter.EnableBokehSettings:1      ; bokeh simulation when scattering]]
[2024.12.06-00.56.35:101][  0]LogConfig: Setting CVar [[r.DOF.Scatter.MaxSpriteRatio:0.1         ; only a maximum of 10% of scattered bokeh]]
[2024.12.06-00.56.35:101][  0]LogConfig: Setting CVar [[r.DOF.Recombine.Quality:1                ; cheap slight out of focus]]
[2024.12.06-00.56.35:101][  0]LogConfig: Setting CVar [[r.DOF.Recombine.EnableBokehSettings:0    ; no bokeh simulation on slight out of focus]]
[2024.12.06-00.56.35:101][  0]LogConfig: Setting CVar [[r.DOF.TemporalAAQuality:1                ; more stable temporal accumulation]]
[2024.12.06-00.56.35:101][  0]LogConfig: Setting CVar [[r.DOF.Kernel.MaxForegroundRadius:0.025]]
[2024.12.06-00.56.35:101][  0]LogConfig: Setting CVar [[r.DOF.Kernel.MaxBackgroundRadius:0.025]]
[2024.12.06-00.56.35:101][  0]LogConfig: Applying CVar settings from Section [TextureQuality@3] File [C:/Users/jmcro/OneDrive/Documents/GitHub/Knowledge-Is-Power/Saved/Config/Windows/Scalability.ini]
[2024.12.06-00.56.35:101][  0]LogConfig: Setting CVar [[r.Streaming.MipBias:0]]
[2024.12.06-00.56.35:101][  0]LogConfig: Setting CVar [[r.Streaming.AmortizeCPUToGPUCopy:0]]
[2024.12.06-00.56.35:101][  0]LogConfig: Setting CVar [[r.Streaming.MaxNumTexturesToStreamPerFrame:0]]
[2024.12.06-00.56.35:101][  0]LogConfig: Setting CVar [[r.Streaming.Boost:1]]
[2024.12.06-00.56.35:101][  0]LogConfig: Setting CVar [[r.MaxAnisotropy:8]]
[2024.12.06-00.56.35:101][  0]LogConfig: Setting CVar [[r.VT.MaxAnisotropy:8]]
[2024.12.06-00.56.35:101][  0]LogConfig: Setting CVar [[r.Streaming.LimitPoolSizeToVRAM:0]]
[2024.12.06-00.56.35:101][  0]LogConfig: Setting CVar [[r.Streaming.PoolSize:1000]]
[2024.12.06-00.56.35:101][  0]LogConfig: Setting CVar [[r.Streaming.MaxEffectiveScreenSize:0]]
[2024.12.06-00.56.35:101][  0]LogConfig: Applying CVar settings from Section [EffectsQuality@3] File [C:/Users/jmcro/OneDrive/Documents/GitHub/Knowledge-Is-Power/Saved/Config/Windows/Scalability.ini]
[2024.12.06-00.56.35:101][  0]LogConfig: Setting CVar [[r.TranslucencyLightingVolumeDim:64]]
[2024.12.06-00.56.35:101][  0]LogConfig: Setting CVar [[r.RefractionQuality:2]]
[2024.12.06-00.56.35:101][  0]LogConfig: Setting CVar [[r.SSR.Quality:3]]
[2024.12.06-00.56.35:101][  0]LogConfig: Setting CVar [[r.SSR.HalfResSceneColor:0]]
[2024.12.06-00.56.35:101][  0]LogConfig: Setting CVar [[r.SceneColorFormat:4]]
[2024.12.06-00.56.35:101][  0]LogConfig: Setting CVar [[r.DetailMode:2]]
[2024.12.06-00.56.35:101][  0]LogConfig: Setting CVar [[r.TranslucencyVolumeBlur:1]]
[2024.12.06-00.56.35:101][  0]LogConfig: Setting CVar [[r.MaterialQualityLevel:1 ; High quality]]
[2024.12.06-00.56.35:101][  0]LogConfig: Setting CVar [[r.AnisotropicMaterials:1]]
[2024.12.06-00.56.35:101][  0]LogConfig: Setting CVar [[r.SSS.Scale:1]]
[2024.12.06-00.56.35:101][  0]LogConfig: Setting CVar [[r.SSS.SampleSet:2]]
[2024.12.06-00.56.35:101][  0]LogConfig: Setting CVar [[r.SSS.Quality:1]]
[2024.12.06-00.56.35:101][  0]LogConfig: Setting CVar [[r.SSS.HalfRes:0]]
[2024.12.06-00.56.35:101][  0]LogConfig: Setting CVar [[r.SSGI.Quality:3]]
[2024.12.06-00.56.35:101][  0]LogConfig: Setting CVar [[r.EmitterSpawnRateScale:1.0]]
[2024.12.06-00.56.35:101][  0]LogConfig: Setting CVar [[r.ParticleLightQuality:2]]
[2024.12.06-00.56.35:101][  0]LogConfig: Setting CVar [[r.SkyAtmosphere.AerialPerspectiveLUT.FastApplyOnOpaque:1 ; Always have FastSkyLUT 1 in this case to avoid wrong sky]]
[2024.12.06-00.56.35:101][  0]LogConfig: Setting CVar [[r.SkyAtmosphere.AerialPerspectiveLUT.SampleCountMaxPerSlice:4]]
[2024.12.06-00.56.35:101][  0]LogConfig: Setting CVar [[r.SkyAtmosphere.AerialPerspectiveLUT.DepthResolution:16.0]]
[2024.12.06-00.56.35:101][  0]LogConfig: Setting CVar [[r.SkyAtmosphere.FastSkyLUT:1]]
[2024.12.06-00.56.35:101][  0]LogConfig: Setting CVar [[r.SkyAtmosphere.FastSkyLUT.SampleCountMin:4.0]]
[2024.12.06-00.56.35:101][  0]LogConfig: Setting CVar [[r.SkyAtmosphere.FastSkyLUT.SampleCountMax:128.0]]
[2024.12.06-00.56.35:101][  0]LogConfig: Setting CVar [[r.SkyAtmosphere.SampleCountMin:4.0]]
[2024.12.06-00.56.35:101][  0]LogConfig: Setting CVar [[r.SkyAtmosphere.SampleCountMax:128.0]]
[2024.12.06-00.56.35:101][  0]LogConfig: Setting CVar [[r.SkyAtmosphere.TransmittanceLUT.UseSmallFormat:0]]
[2024.12.06-00.56.35:101][  0]LogConfig: Setting CVar [[r.SkyAtmosphere.TransmittanceLUT.SampleCount:10.0]]
[2024.12.06-00.56.35:101][  0]LogConfig: Setting CVar [[r.SkyAtmosphere.MultiScatteringLUT.SampleCount:15.0]]
[2024.12.06-00.56.35:101][  0]LogConfig: Setting CVar [[r.SkyLight.RealTimeReflectionCapture:1]]
[2024.12.06-00.56.35:101][  0]LogConfig: Applying CVar settings from Section [FoliageQuality@3] File [C:/Users/jmcro/OneDrive/Documents/GitHub/Knowledge-Is-Power/Saved/Config/Windows/Scalability.ini]
[2024.12.06-00.56.35:101][  0]LogConfig: Setting CVar [[foliage.DensityScale:1.0]]
[2024.12.06-00.56.35:101][  0]LogConfig: Setting CVar [[grass.DensityScale:1.0]]
[2024.12.06-00.56.35:101][  0]LogConfig: Applying CVar settings from Section [ShadingQuality@3] File [C:/Users/jmcro/OneDrive/Documents/GitHub/Knowledge-Is-Power/Saved/Config/Windows/Scalability.ini]
[2024.12.06-00.56.35:101][  0]LogConfig: Setting CVar [[r.HairStrands.SkyLighting.IntegrationType:2]]
[2024.12.06-00.56.35:101][  0]LogConfig: Setting CVar [[r.HairStrands.SkyAO.SampleCount:4]]
[2024.12.06-00.56.35:101][  0]LogConfig: Setting CVar [[r.HairStrands.Visibility.MSAA.SamplePerPixel:4]]
[2024.12.06-00.56.35:101][  0]LogInit: Selected Device Profile: [Windows]
[2024.12.06-00.56.35:101][  0]LogInit: Applying CVar settings loaded from the selected device profile: [Windows]
[2024.12.06-00.56.35:101][  0]LogHAL: Display: Platform has ~ 16 GB [16866689024 / 17179869184 / 16], which maps to Larger [LargestMinGB=32, LargerMinGB=12, DefaultMinGB=8, SmallerMinGB=6, SmallestMinGB=0)
[2024.12.06-00.56.35:101][  0]LogInit: Going up to parent DeviceProfile []
[2024.12.06-00.56.35:101][  0]LogConfig: Applying CVar settings from Section [ViewDistanceQuality@3] File [C:/Users/jmcro/OneDrive/Documents/GitHub/Knowledge-Is-Power/Saved/Config/Windows/Scalability.ini]
[2024.12.06-00.56.35:102][  0]LogConfig: Setting CVar [[r.SkeletalMeshLODBias:0]]
[2024.12.06-00.56.35:102][  0]LogConfig: Setting CVar [[r.ViewDistanceScale:1.0]]
[2024.12.06-00.56.35:102][  0]LogConfig: Applying CVar settings from Section [AntiAliasingQuality@3] File [C:/Users/jmcro/OneDrive/Documents/GitHub/Knowledge-Is-Power/Saved/Config/Windows/Scalability.ini]
[2024.12.06-00.56.35:102][  0]LogConfig: Setting CVar [[r.PostProcessAAQuality:4]]
[2024.12.06-00.56.35:102][  0]LogConfig: Applying CVar settings from Section [ShadowQuality@3] File [C:/Users/jmcro/OneDrive/Documents/GitHub/Knowledge-Is-Power/Saved/Config/Windows/Scalability.ini]
[2024.12.06-00.56.35:102][  0]LogConfig: Setting CVar [[r.LightFunctionQuality:1]]
[2024.12.06-00.56.35:102][  0]LogConfig: Setting CVar [[r.ShadowQuality:5]]
[2024.12.06-00.56.35:102][  0]LogConfig: Setting CVar [[r.Shadow.CSM.MaxCascades:10]]
[2024.12.06-00.56.35:102][  0]LogConfig: Setting CVar [[r.Shadow.MaxResolution:2048]]
[2024.12.06-00.56.35:102][  0]LogConfig: Setting CVar [[r.Shadow.MaxCSMResolution:2048]]
[2024.12.06-00.56.35:102][  0]LogConfig: Setting CVar [[r.Shadow.RadiusThreshold:0.01]]
[2024.12.06-00.56.35:102][  0]LogConfig: Setting CVar [[r.Shadow.DistanceScale:1.0]]
[2024.12.06-00.56.35:102][  0]LogConfig: Setting CVar [[r.Shadow.CSM.TransitionScale:1.0]]
[2024.12.06-00.56.35:102][  0]LogConfig: Setting CVar [[r.Shadow.PreShadowResolutionFactor:1.0]]
[2024.12.06-00.56.35:102][  0]LogConfig: Setting CVar [[r.DistanceFieldShadowing:1]]
[2024.12.06-00.56.35:102][  0]LogConfig: Setting CVar [[r.DistanceFieldAO:1]]
[2024.12.06-00.56.35:102][  0]LogConfig: Setting CVar [[r.AOQuality:2]]
[2024.12.06-00.56.35:102][  0]LogConfig: Setting CVar [[r.VolumetricFog:1]]
[2024.12.06-00.56.35:102][  0]LogConfig: Setting CVar [[r.VolumetricFog.GridPixelSize:8]]
[2024.12.06-00.56.35:102][  0]LogConfig: Setting CVar [[r.VolumetricFog.GridSizeZ:128]]
[2024.12.06-00.56.35:102][  0]LogConfig: Setting CVar [[r.VolumetricFog.HistoryMissSupersampleCount:4]]
[2024.12.06-00.56.35:102][  0]LogConfig: Setting CVar [[r.LightMaxDrawDistanceScale:1]]
[2024.12.06-00.56.35:102][  0]LogConfig: Setting CVar [[r.CapsuleShadows:1]]
[2024.12.06-00.56.35:102][  0]LogConfig: Applying CVar settings from Section [PostProcessQuality@3] File [C:/Users/jmcro/OneDrive/Documents/GitHub/Knowledge-Is-Power/Saved/Config/Windows/Scalability.ini]
[2024.12.06-00.56.35:102][  0]LogConfig: Setting CVar [[r.MotionBlurQuality:4]]
[2024.12.06-00.56.35:102][  0]LogConfig: Setting CVar [[r.AmbientOcclusionMipLevelFactor:0.4]]
[2024.12.06-00.56.35:102][  0]LogConfig: Setting CVar [[r.AmbientOcclusionMaxQuality:100]]
[2024.12.06-00.56.35:102][  0]LogConfig: Setting CVar [[r.AmbientOcclusionLevels:-1]]
[2024.12.06-00.56.35:102][  0]LogConfig: Setting CVar [[r.AmbientOcclusionRadiusScale:1.0]]
[2024.12.06-00.56.35:102][  0]LogConfig: Setting CVar [[r.DepthOfFieldQuality:2]]
[2024.12.06-00.56.35:102][  0]LogConfig: Setting CVar [[r.RenderTargetPoolMin:400]]
[2024.12.06-00.56.35:102][  0]LogConfig: Setting CVar [[r.LensFlareQuality:2]]
[2024.12.06-00.56.35:102][  0]LogConfig: Setting CVar [[r.SceneColorFringeQuality:1]]
[2024.12.06-00.56.35:102][  0]LogConfig: Setting CVar [[r.EyeAdaptationQuality:2]]
[2024.12.06-00.56.35:102][  0]LogConfig: Setting CVar [[r.BloomQuality:5]]
[2024.12.06-00.56.35:102][  0]LogConfig: Setting CVar [[r.FastBlurThreshold:100]]
[2024.12.06-00.56.35:102][  0]LogConfig: Setting CVar [[r.Upscale.Quality:3]]
[2024.12.06-00.56.35:102][  0]LogConfig: Setting CVar [[r.Tonemapper.GrainQuantization:1]]
[2024.12.06-00.56.35:102][  0]LogConfig: Setting CVar [[r.LightShaftQuality:1]]
[2024.12.06-00.56.35:102][  0]LogConfig: Setting CVar [[r.Filter.SizeScale:1]]
[2024.12.06-00.56.35:102][  0]LogConfig: Setting CVar [[r.Tonemapper.Quality:5]]
[2024.12.06-00.56.35:102][  0]LogConfig: Setting CVar [[r.DOF.Gather.AccumulatorQuality:1        ; higher gathering accumulator quality]]
[2024.12.06-00.56.35:102][  0]LogConfig: Setting CVar [[r.DOF.Gather.PostfilterMethod:1          ; Median3x3 postfilering method]]
[2024.12.06-00.56.35:102][  0]LogConfig: Setting CVar [[r.DOF.Gather.EnableBokehSettings:0       ; no bokeh simulation when gathering]]
[2024.12.06-00.56.35:102][  0]LogConfig: Setting CVar [[r.DOF.Gather.RingCount:4                 ; medium number of samples when gathering]]
[2024.12.06-00.56.35:102][  0]LogConfig: Setting CVar [[r.DOF.Scatter.ForegroundCompositing:1    ; additive foreground scattering]]
[2024.12.06-00.56.35:102][  0]LogConfig: Setting CVar [[r.DOF.Scatter.BackgroundCompositing:2    ; additive background scattering]]
[2024.12.06-00.56.35:102][  0]LogConfig: Setting CVar [[r.DOF.Scatter.EnableBokehSettings:1      ; bokeh simulation when scattering]]
[2024.12.06-00.56.35:102][  0]LogConfig: Setting CVar [[r.DOF.Scatter.MaxSpriteRatio:0.1         ; only a maximum of 10% of scattered bokeh]]
[2024.12.06-00.56.35:102][  0]LogConfig: Setting CVar [[r.DOF.Recombine.Quality:1                ; cheap slight out of focus]]
[2024.12.06-00.56.35:102][  0]LogConfig: Setting CVar [[r.DOF.Recombine.EnableBokehSettings:0    ; no bokeh simulation on slight out of focus]]
[2024.12.06-00.56.35:102][  0]LogConfig: Setting CVar [[r.DOF.TemporalAAQuality:1                ; more stable temporal accumulation]]
[2024.12.06-00.56.35:102][  0]LogConfig: Setting CVar [[r.DOF.Kernel.MaxForegroundRadius:0.025]]
[2024.12.06-00.56.35:102][  0]LogConfig: Setting CVar [[r.DOF.Kernel.MaxBackgroundRadius:0.025]]
[2024.12.06-00.56.35:102][  0]LogConfig: Applying CVar settings from Section [TextureQuality@3] File [C:/Users/jmcro/OneDrive/Documents/GitHub/Knowledge-Is-Power/Saved/Config/Windows/Scalability.ini]
[2024.12.06-00.56.35:102][  0]LogConfig: Setting CVar [[r.Streaming.MipBias:0]]
[2024.12.06-00.56.35:102][  0]LogConfig: Setting CVar [[r.Streaming.AmortizeCPUToGPUCopy:0]]
[2024.12.06-00.56.35:102][  0]LogConfig: Setting CVar [[r.Streaming.MaxNumTexturesToStreamPerFrame:0]]
[2024.12.06-00.56.35:102][  0]LogConfig: Setting CVar [[r.Streaming.Boost:1]]
[2024.12.06-00.56.35:102][  0]LogConfig: Setting CVar [[r.MaxAnisotropy:8]]
[2024.12.06-00.56.35:102][  0]LogConfig: Setting CVar [[r.VT.MaxAnisotropy:8]]
[2024.12.06-00.56.35:102][  0]LogConfig: Setting CVar [[r.Streaming.LimitPoolSizeToVRAM:0]]
[2024.12.06-00.56.35:102][  0]LogConfig: Setting CVar [[r.Streaming.PoolSize:1000]]
[2024.12.06-00.56.35:102][  0]LogConfig: Setting CVar [[r.Streaming.MaxEffectiveScreenSize:0]]
[2024.12.06-00.56.35:102][  0]LogConfig: Applying CVar settings from Section [EffectsQuality@3] File [C:/Users/jmcro/OneDrive/Documents/GitHub/Knowledge-Is-Power/Saved/Config/Windows/Scalability.ini]
[2024.12.06-00.56.35:102][  0]LogConfig: Setting CVar [[r.TranslucencyLightingVolumeDim:64]]
[2024.12.06-00.56.35:102][  0]LogConfig: Setting CVar [[r.RefractionQuality:2]]
[2024.12.06-00.56.35:102][  0]LogConfig: Setting CVar [[r.SSR.Quality:3]]
[2024.12.06-00.56.35:102][  0]LogConfig: Setting CVar [[r.SSR.HalfResSceneColor:0]]
[2024.12.06-00.56.35:102][  0]LogConfig: Setting CVar [[r.SceneColorFormat:4]]
[2024.12.06-00.56.35:102][  0]LogConfig: Setting CVar [[r.DetailMode:2]]
[2024.12.06-00.56.35:102][  0]LogConfig: Setting CVar [[r.TranslucencyVolumeBlur:1]]
[2024.12.06-00.56.35:102][  0]LogConfig: Setting CVar [[r.MaterialQualityLevel:1 ; High quality]]
[2024.12.06-00.56.35:102][  0]LogConfig: Setting CVar [[r.AnisotropicMaterials:1]]
[2024.12.06-00.56.35:102][  0]LogConfig: Setting CVar [[r.SSS.Scale:1]]
[2024.12.06-00.56.35:102][  0]LogConfig: Setting CVar [[r.SSS.SampleSet:2]]
[2024.12.06-00.56.35:102][  0]LogConfig: Setting CVar [[r.SSS.Quality:1]]
[2024.12.06-00.56.35:102][  0]LogConfig: Setting CVar [[r.SSS.HalfRes:0]]
[2024.12.06-00.56.35:102][  0]LogConfig: Setting CVar [[r.SSGI.Quality:3]]
[2024.12.06-00.56.35:102][  0]LogConfig: Setting CVar [[r.EmitterSpawnRateScale:1.0]]
[2024.12.06-00.56.35:102][  0]LogConfig: Setting CVar [[r.ParticleLightQuality:2]]
[2024.12.06-00.56.35:102][  0]LogConfig: Setting CVar [[r.SkyAtmosphere.AerialPerspectiveLUT.FastApplyOnOpaque:1 ; Always have FastSkyLUT 1 in this case to avoid wrong sky]]
[2024.12.06-00.56.35:102][  0]LogConfig: Setting CVar [[r.SkyAtmosphere.AerialPerspectiveLUT.SampleCountMaxPerSlice:4]]
[2024.12.06-00.56.35:102][  0]LogConfig: Setting CVar [[r.SkyAtmosphere.AerialPerspectiveLUT.DepthResolution:16.0]]
[2024.12.06-00.56.35:102][  0]LogConfig: Setting CVar [[r.SkyAtmosphere.FastSkyLUT:1]]
[2024.12.06-00.56.35:102][  0]LogConfig: Setting CVar [[r.SkyAtmosphere.FastSkyLUT.SampleCountMin:4.0]]
[2024.12.06-00.56.35:102][  0]LogConfig: Setting CVar [[r.SkyAtmosphere.FastSkyLUT.SampleCountMax:128.0]]
[2024.12.06-00.56.35:102][  0]LogConfig: Setting CVar [[r.SkyAtmosphere.SampleCountMin:4.0]]
[2024.12.06-00.56.35:102][  0]LogConfig: Setting CVar [[r.SkyAtmosphere.SampleCountMax:128.0]]
[2024.12.06-00.56.35:102][  0]LogConfig: Setting CVar [[r.SkyAtmosphere.TransmittanceLUT.UseSmallFormat:0]]
[2024.12.06-00.56.35:102][  0]LogConfig: Setting CVar [[r.SkyAtmosphere.TransmittanceLUT.SampleCount:10.0]]
[2024.12.06-00.56.35:102][  0]LogConfig: Setting CVar [[r.SkyAtmosphere.MultiScatteringLUT.SampleCount:15.0]]
[2024.12.06-00.56.35:102][  0]LogConfig: Setting CVar [[r.SkyLight.RealTimeReflectionCapture:1]]
[2024.12.06-00.56.35:102][  0]LogConfig: Applying CVar settings from Section [FoliageQuality@3] File [C:/Users/jmcro/OneDrive/Documents/GitHub/Knowledge-Is-Power/Saved/Config/Windows/Scalability.ini]
[2024.12.06-00.56.35:102][  0]LogConfig: Setting CVar [[foliage.DensityScale:1.0]]
[2024.12.06-00.56.35:102][  0]LogConfig: Setting CVar [[grass.DensityScale:1.0]]
[2024.12.06-00.56.35:102][  0]LogConfig: Applying CVar settings from Section [ShadingQuality@3] File [C:/Users/jmcro/OneDrive/Documents/GitHub/Knowledge-Is-Power/Saved/Config/Windows/Scalability.ini]
[2024.12.06-00.56.35:102][  0]LogConfig: Setting CVar [[r.HairStrands.SkyLighting.IntegrationType:2]]
[2024.12.06-00.56.35:102][  0]LogConfig: Setting CVar [[r.HairStrands.SkyAO.SampleCount:4]]
[2024.12.06-00.56.35:102][  0]LogConfig: Setting CVar [[r.HairStrands.Visibility.MSAA.SamplePerPixel:4]]
[2024.12.06-00.56.35:102][  0]LogConfig: Applying CVar settings from Section [Startup] File [../../../Engine/Config/ConsoleVariables.ini]
[2024.12.06-00.56.35:102][  0]LogConfig: Setting CVar [[net.UseAdaptiveNetUpdateFrequency:0]]
[2024.12.06-00.56.35:102][  0]LogConfig: Setting CVar [[p.chaos.AllowCreatePhysxBodies:1]]
[2024.12.06-00.56.35:102][  0]LogConfig: Setting CVar [[fx.SkipVectorVMBackendOptimizations:1]]
[2024.12.06-00.56.35:102][  0]LogConfig: Applying CVar settings from Section [ConsoleVariables] File [C:/Users/jmcro/OneDrive/Documents/GitHub/Knowledge-Is-Power/Saved/Config/Windows/Engine.ini]
[2024.12.06-00.56.35:102][  0]LogConfig: Applying CVar settings from Section [ConsoleVariables] File [C:/Users/jmcro/OneDrive/Documents/GitHub/Knowledge-Is-Power/Saved/Config/Windows/Editor.ini]
[2024.12.06-00.56.35:102][  0]LogInit: Computer: MSI
[2024.12.06-00.56.35:102][  0]LogInit: User: jmcro
[2024.12.06-00.56.35:102][  0]LogInit: CPU Page size=4096, Cores=16
[2024.12.06-00.56.35:102][  0]LogInit: High frequency timer resolution =10.000000 MHz
[2024.12.06-00.56.35:102][  0]LogMemory: Memory total: Physical=15.7GB (16GB approx)
[2024.12.06-00.56.35:102][  0]LogMemory: Platform Memory Stats for Windows
[2024.12.06-00.56.35:102][  0]LogMemory: Process Physical Memory: 153.95 MB used, 153.95 MB peak
[2024.12.06-00.56.35:102][  0]LogMemory: Process Virtual Memory: 128.12 MB used, 128.12 MB peak
[2024.12.06-00.56.35:102][  0]LogMemory: Physical Memory: 13940.67 MB used,  2144.66 MB free, 16085.33 MB total
[2024.12.06-00.56.35:102][  0]LogMemory: Virtual Memory: 134210472.00 MB used,  7257.95 MB free, 134217728.00 MB total
[2024.12.06-00.56.35:160][  0]LogWindows: WindowsPlatformFeatures enabled
[2024.12.06-00.56.35:192][  0]LogInit: Physics initialised using underlying interface: PhysX
[2024.12.06-00.56.35:193][  0]LogInit: Using OS detected language (en-US).
[2024.12.06-00.56.35:193][  0]LogInit: Using OS detected locale (en-US).
[2024.12.06-00.56.35:195][  0]LogTextLocalizationManager: No specific localization for 'en-US' exists, so the 'en' localization will be used.
[2024.12.06-00.56.35:390][  0]LogInit: Setting process to per monitor DPI aware
[2024.12.06-00.56.35:482][  0]LogWindowsTextInputMethodSystem: Display: IME system deactivated.
[2024.12.06-00.56.35:501][  0]LogSlate: New Slate User Created.  User Index 0, Is Virtual User: 0
[2024.12.06-00.56.35:501][  0]LogSlate: Slate User Registered.  User Index 0, Is Virtual User: 0
[2024.12.06-00.56.35:612][  0]LogD3D11RHI: Loaded GFSDK_Aftermath_Lib.x64.dll
[2024.12.06-00.56.35:649][  0]LogHMD: Failed to initialize OpenVR with code 110
[2024.12.06-00.56.35:649][  0]LogD3D11RHI: D3D11 min allowed feature level: 11_0
[2024.12.06-00.56.35:649][  0]LogD3D11RHI: D3D11 max allowed feature level: 11_0
[2024.12.06-00.56.35:649][  0]LogD3D11RHI: D3D11 adapters:
[2024.12.06-00.56.35:784][  0]LogD3D11RHI:    0. 'NVIDIA GeForce RTX 4080 Laptop GPU' (Feature Level 11_0)
[2024.12.06-00.56.35:784][  0]LogD3D11RHI:       11997/0/8042 MB DedicatedVideo/DedicatedSystem/SharedSystem, Outputs:1, VendorId:0x10de
[2024.12.06-00.56.35:837][  0]LogD3D11RHI:    1. 'Intel(R) UHD Graphics' (Feature Level 11_0)
[2024.12.06-00.56.35:837][  0]LogD3D11RHI:       128/0/8042 MB DedicatedVideo/DedicatedSystem/SharedSystem, Outputs:0, VendorId:0x8086
[2024.12.06-00.56.35:840][  0]LogD3D11RHI:    2. 'Microsoft Basic Render Driver' (Feature Level 11_0)
[2024.12.06-00.56.35:840][  0]LogD3D11RHI:       0/0/8042 MB DedicatedVideo/DedicatedSystem/SharedSystem, Outputs:0, VendorId:0x1414
[2024.12.06-00.56.35:840][  0]LogD3D11RHI: Chosen D3D11 Adapter:
[2024.12.06-00.56.35:840][  0]LogD3D11RHI:     Description : NVIDIA GeForce RTX 4080 Laptop GPU
[2024.12.06-00.56.35:840][  0]LogD3D11RHI:     VendorId    : 10de
[2024.12.06-00.56.35:840][  0]LogD3D11RHI:     DeviceId    : 27a0
[2024.12.06-00.56.35:840][  0]LogD3D11RHI:     SubSysId    : 13ce1462
[2024.12.06-00.56.35:840][  0]LogD3D11RHI:     Revision    : 00a1
[2024.12.06-00.56.35:840][  0]LogD3D11RHI:     DedicatedVideoMemory : 12579766272 bytes
[2024.12.06-00.56.35:840][  0]LogD3D11RHI:     DedicatedSystemMemory : 0 bytes
[2024.12.06-00.56.35:840][  0]LogD3D11RHI:     SharedSystemMemory : 8433344512 bytes
[2024.12.06-00.56.35:840][  0]LogD3D11RHI:     AdapterLuid : 0 80451
[2024.12.06-00.56.35:853][  0]LogD3D11RHI: Creating new Direct3DDevice
[2024.12.06-00.56.35:853][  0]LogD3D11RHI:     GPU DeviceId: 0x27a0 (for the marketing name, search the web for "GPU Device Id")
[2024.12.06-00.56.35:853][  0]LogWindows: EnumDisplayDevices:
[2024.12.06-00.56.35:853][  0]LogWindows:    0. 'Intel(R) UHD Graphics' (P:1 D:1)
[2024.12.06-00.56.35:853][  0]LogWindows:    1. 'Intel(R) UHD Graphics' (P:0 D:0)
[2024.12.06-00.56.35:853][  0]LogWindows:    2. 'Intel(R) UHD Graphics' (P:0 D:0)
[2024.12.06-00.56.35:853][  0]LogWindows:    3. 'Intel(R) UHD Graphics' (P:0 D:0)
[2024.12.06-00.56.35:853][  0]LogWindows:    4. 'NVIDIA GeForce RTX 4080 Laptop GPU' (P:0 D:0)
[2024.12.06-00.56.35:853][  0]LogWindows:    5. 'NVIDIA GeForce RTX 4080 Laptop GPU' (P:0 D:0)
[2024.12.06-00.56.35:853][  0]LogWindows:    6. 'NVIDIA GeForce RTX 4080 Laptop GPU' (P:0 D:0)
[2024.12.06-00.56.35:855][  0]LogWindows:    7. 'NVIDIA GeForce RTX 4080 Laptop GPU' (P:0 D:0)
[2024.12.06-00.56.35:855][  0]LogWindows: DebugString: PrimaryIsNotTheChoosenAdapter PrimaryIsNotTheChoosenAdapter PrimaryIsNotTheChoosenAdapter PrimaryIsNotTheChoosenAdapter FoundDriverCount:4 
[2024.12.06-00.56.35:855][  0]LogD3D11RHI:     Adapter Name: NVIDIA GeForce RTX 4080 Laptop GPU
[2024.12.06-00.56.35:855][  0]LogD3D11RHI:   Driver Version: 551.88 (internal:31.0.15.5188, unified:551.88)
[2024.12.06-00.56.35:855][  0]LogD3D11RHI:      Driver Date: 3-13-2024
[2024.12.06-00.56.35:855][  0]LogRHI: Texture pool is 8397 MB (70% of 11997 MB)
[2024.12.06-00.56.35:855][  0]LogD3D11RHI: Creating D3DDevice using adapter:
[2024.12.06-00.56.35:855][  0]LogD3D11RHI:     Description : NVIDIA GeForce RTX 4080 Laptop GPU
[2024.12.06-00.56.35:855][  0]LogD3D11RHI:     VendorId    : 10de
[2024.12.06-00.56.35:855][  0]LogD3D11RHI:     DeviceId    : 27a0
[2024.12.06-00.56.35:855][  0]LogD3D11RHI:     SubSysId    : 13ce1462
[2024.12.06-00.56.35:855][  0]LogD3D11RHI:     Revision    : 00a1
[2024.12.06-00.56.35:855][  0]LogD3D11RHI:     DedicatedVideoMemory : 12579766272 bytes
[2024.12.06-00.56.35:855][  0]LogD3D11RHI:     DedicatedSystemMemory : 0 bytes
[2024.12.06-00.56.35:855][  0]LogD3D11RHI:     SharedSystemMemory : 8433344512 bytes
[2024.12.06-00.56.35:855][  0]LogD3D11RHI:     AdapterLuid : 0 80451
[2024.12.06-00.56.35:928][  0]LogD3D11RHI: RHI has support for 64 bit atomics
[2024.12.06-00.56.35:928][  0]LogD3D11RHI: Async texture creation enabled
[2024.12.06-00.56.35:928][  0]LogD3D11RHI: Array index from any shader is supported
[2024.12.06-00.56.35:950][  0]LogD3D11RHI: GPU Timing Frequency: 1000.000000 (Debug: 2 2)
[2024.12.06-00.56.35:978][  0]LogRHI: GeForceNow SDK initialized: 1
[2024.12.06-00.56.36:254][  0]LogTargetPlatformManager: Display: Loaded TargetPlatform 'AllDesktop'
[2024.12.06-00.56.36:269][  0]LogTargetPlatformManager: Display: Loaded TargetPlatform 'Android'
[2024.12.06-00.56.36:269][  0]LogTargetPlatformManager: Display: Loaded TargetPlatform 'Android_ASTC'
[2024.12.06-00.56.36:269][  0]LogTargetPlatformManager: Display: Loaded TargetPlatform 'Android_DXT'
[2024.12.06-00.56.36:269][  0]LogTargetPlatformManager: Display: Loaded TargetPlatform 'Android_ETC2'
[2024.12.06-00.56.36:269][  0]LogTargetPlatformManager: Display: Loaded TargetPlatform 'AndroidClient'
[2024.12.06-00.56.36:269][  0]LogTargetPlatformManager: Display: Loaded TargetPlatform 'Android_ASTCClient'
[2024.12.06-00.56.36:269][  0]LogTargetPlatformManager: Display: Loaded TargetPlatform 'Android_DXTClient'
[2024.12.06-00.56.36:269][  0]LogTargetPlatformManager: Display: Loaded TargetPlatform 'Android_ETC2Client'
[2024.12.06-00.56.36:269][  0]LogTargetPlatformManager: Display: Loaded TargetPlatform 'Android_Multi'
[2024.12.06-00.56.36:269][  0]LogTargetPlatformManager: Display: Loaded TargetPlatform 'Android_MultiClient'
[2024.12.06-00.56.36:283][  0]LogTargetPlatformManager: Display: Loaded TargetPlatform 'IOSClient'
[2024.12.06-00.56.36:283][  0]LogTargetPlatformManager: Display: Loaded TargetPlatform 'IOS'
[2024.12.06-00.56.36:290][  0]LogTargetPlatformManager: Display: Loaded TargetPlatform 'Linux'
[2024.12.06-00.56.36:293][  0]LogTargetPlatformManager: Display: Loaded TargetPlatform 'LinuxNoEditor'
[2024.12.06-00.56.36:297][  0]LogTargetPlatformManager: Display: Loaded TargetPlatform 'LinuxClient'
[2024.12.06-00.56.36:300][  0]LogTargetPlatformManager: Display: Loaded TargetPlatform 'LinuxServer'
[2024.12.06-00.56.36:307][  0]LogTargetPlatformManager: Display: Loaded TargetPlatform 'LinuxAArch64NoEditor'
[2024.12.06-00.56.36:309][  0]LogTargetPlatformManager: Display: Loaded TargetPlatform 'LinuxAArch64Client'
[2024.12.06-00.56.36:313][  0]LogTargetPlatformManager: Display: Loaded TargetPlatform 'LinuxAArch64Server'
[2024.12.06-00.56.36:328][  0]LogTargetPlatformManager: Display: Loaded TargetPlatform 'Lumin'
[2024.12.06-00.56.36:328][  0]LogTargetPlatformManager: Display: Loaded TargetPlatform 'LuminClient'
[2024.12.06-00.56.36:334][  0]LogTargetPlatformManager: Display: Loaded TargetPlatform 'MacNoEditor'
[2024.12.06-00.56.36:337][  0]LogTargetPlatformManager: Display: Loaded TargetPlatform 'Mac'
[2024.12.06-00.56.36:340][  0]LogTargetPlatformManager: Display: Loaded TargetPlatform 'MacClient'
[2024.12.06-00.56.36:343][  0]LogTargetPlatformManager: Display: Loaded TargetPlatform 'MacServer'
[2024.12.06-00.56.36:349][  0]LogTargetPlatformManager: Display: Loaded TargetPlatform 'TVOSClient'
[2024.12.06-00.56.36:349][  0]LogTargetPlatformManager: Display: Loaded TargetPlatform 'TVOS'
[2024.12.06-00.56.36:355][  0]LogTargetPlatformManager: Display: Loaded TargetPlatform 'WindowsNoEditor'
[2024.12.06-00.56.36:358][  0]LogTargetPlatformManager: Display: Loaded TargetPlatform 'Windows'
[2024.12.06-00.56.36:362][  0]LogTargetPlatformManager: Display: Loaded TargetPlatform 'WindowsClient'
[2024.12.06-00.56.36:365][  0]LogTargetPlatformManager: Display: Loaded TargetPlatform 'WindowsServer'
[2024.12.06-00.56.36:365][  0]LogTargetPlatformManager: Display: Building Assets For Windows
[2024.12.06-00.56.36:371][  0]LogAudioDebug: Display: Lib vorbis DLL was dynamically loaded.
[2024.12.06-00.56.36:395][  0]LogTextureFormatOodle: Display: Oodle Texture 2.9.0 init RDO Off
[2024.12.06-00.56.36:420][  0]LogRendererCore: Ray tracing is disabled. Reason: r.RayTracing=0.
[2024.12.06-00.56.36:420][  0]LogShaderCompilers: Guid format shader working directory is -29 characters bigger than the processId version (../../../../../../Users/jmcro/OneDrive/Documents/GitHub/Knowledge-Is-Power/Intermediate/Shaders/WorkingDirectory/42220/).
[2024.12.06-00.56.36:420][  0]LogShaderCompilers: Cleaned the shader compiler working directory 'C:/Users/jmcro/AppData/Local/Temp/UnrealShaderWorkingDir/CB6EEE6B4943A30D538824B465E416F4/'.
[2024.12.06-00.56.36:420][  0]LogXGEController: Cannot use XGE Controller as Incredibuild is not installed on this machine.
[2024.12.06-00.56.36:420][  0]LogShaderCompilers: Cannot use XGE Shader Compiler as Incredibuild is not installed on this machine.
[2024.12.06-00.56.36:420][  0]LogShaderCompilers: Display: Using Local Shader Compiler.
[2024.12.06-00.56.36:940][  0]LogDerivedDataCache: Display: Max Cache Size: 512 MB
[2024.12.06-00.56.37:145][  0]LogDerivedDataCache: Loaded boot cache 0.20s 94MB C:/Users/jmcro/AppData/Local/UnrealEngine/4.27/DerivedDataCache/Boot.ddc.
[2024.12.06-00.56.37:145][  0]LogDerivedDataCache: Display: Loaded Boot cache: C:/Users/jmcro/AppData/Local/UnrealEngine/4.27/DerivedDataCache/Boot.ddc
[2024.12.06-00.56.37:145][  0]LogDerivedDataCache: FDerivedDataBackendGraph:  Pak pak cache file ../../../../../../Users/jmcro/OneDrive/Documents/GitHub/Knowledge-Is-Power/DerivedDataCache/DDC.ddp not found, will not use a pak cache.
[2024.12.06-00.56.37:145][  0]LogDerivedDataCache: Unable to find inner node Pak for hierarchical cache Hierarchy.
[2024.12.06-00.56.37:145][  0]LogDerivedDataCache: FDerivedDataBackendGraph:  CompressedPak pak cache file ../../../../../../Users/jmcro/OneDrive/Documents/GitHub/Knowledge-Is-Power/DerivedDataCache/Compressed.ddp not found, will not use a pak cache.
[2024.12.06-00.56.37:145][  0]LogDerivedDataCache: Unable to find inner node CompressedPak for hierarchical cache Hierarchy.
[2024.12.06-00.56.37:157][  0]LogDerivedDataCache: Display: Pak cache opened for reading ../../../Engine/DerivedDataCache/Compressed.ddp.
[2024.12.06-00.56.37:157][  0]LogDerivedDataCache: FDerivedDataBackendGraph:  EnterprisePak pak cache file ../../../Enterprise/DerivedDataCache/Compressed.ddp not found, will not use a pak cache.
[2024.12.06-00.56.37:157][  0]LogDerivedDataCache: Unable to find inner node EnterprisePak for hierarchical cache Hierarchy.
[2024.12.06-00.56.37:164][  0]LogDerivedDataCache: Speed tests for C:/Users/jmcro/AppData/Local/UnrealEngine/Common/DerivedDataCache took 0.01 seconds
[2024.12.06-00.56.37:164][  0]LogDerivedDataCache: Display: Performance to C:/Users/jmcro/AppData/Local/UnrealEngine/Common/DerivedDataCache: Latency=0.03ms. RandomReadSpeed=1674.81MBs, RandomWriteSpeed=180.21MBs. Assigned SpeedClass 'Local'
[2024.12.06-00.56.37:164][  0]LogDerivedDataCache: Using Local data cache path C:/Users/jmcro/AppData/Local/UnrealEngine/Common/DerivedDataCache: Writable
[2024.12.06-00.56.37:164][  0]LogDerivedDataCache: Shared data cache path not found in *engine.ini, will not use an Shared cache.
[2024.12.06-00.56.37:164][  0]LogDerivedDataCache: Unable to find inner node Shared for hierarchical cache Hierarchy.
[2024.12.06-00.56.37:201][  0]LogSlate: Using FreeType 2.10.0
[2024.12.06-00.56.37:201][  0]LogSlate: SlateFontServices - WITH_FREETYPE: 1, WITH_HARFBUZZ: 1
[2024.12.06-00.56.37:278][  0]LogAssetRegistry: FAssetRegistry took 0.0133 seconds to start up
[2024.12.06-00.56.37:494][  0]LogInit: Selected Device Profile: [Windows]
[2024.12.06-00.56.37:494][  0]LogInit: Active device profile: [000002A19DB5CF00][000002A19AB56E40 49] Windows
[2024.12.06-00.56.37:494][  0]LogInit: Profiles: [000002A19DB5CF00][000002A19AB56E40 49] Windows, [000002A19DB32400][000002A19BFDCFC0 49] WindowsNoEditor, [000002A19DB5DF00][000002A19BFE1140 49] WindowsServer, [000002A19DB31600][000002A19BFE52C0 49] WindowsClient, [000002A19DB5D000][000002A19BFE9440 49] IOS, [000002A19DB33A00][000002A19BFED5C0 49] iPadAir, [000002A19DB5F300][000002A19BFF1740 49] iPadAir2, [000002A19DAC9300][000002A19BFF9A00 49] IPadPro, [000002A19DAC9400][000002A19BFF5A40 49] iPadAir3, [000002A19DB30B00][000002A19BFFDBC0 49] iPadAir4, [000002A19DACA100][000002A19C0001C0 49] iPadMini2, [000002A19DB33400][000002A19C004340 49] iPadMini3, [000002A19DACAC00][000002A19C0084C0 49] iPadMini4, [000002A19DB32700][000002A19C00C640 49] iPadMini5, [000002A19DADCE00][000002A19E1E2900 49] iPhone6, [000002A19DADCF00][000002A19E1DE940 49] iPodTouch6, [000002A19DB5E800][000002A19E1E6B80 49] iPhone7, [000002A19DB5E900][000002A19BFD8BC0 49] iPodTouch7, [000002A19DAC8C00][000002A19E1EAD00 49] iPhone5S, [000002A19DB5D300][000002A19E262E80 49] iPhone6Plus, [000002A19DB5FA00][000002A19E267000 49] iPhone6S, [000002A19DADD300][000002A19E273180 49] iPhone6SPlus, [000002A19DB5CB00][000002A196571300 49] iPhone7Plus, [000002A19DADD600][000002A196595480 49] iPhoneSE, [000002A19DB5CA00][000002A1965ED600 49] iPhone8, [000002A19DADD200][000002A1965F1780 49] iPhone8Plus, [000002A19DACAB00][000002A1965F5900 49] iPhoneX, [000002A19DADCC00][000002A1965F9A80 49] iPhoneXS, [000002A19DACBA00][000002A196601C00 49] iPhoneXSMax, [000002A19DADF800][000002A196604200 49] iPhoneXR, [000002A19DAC8D00][000002A19E3BC380 49] iPhone11, [000002A19DADE600][000002A19E3C0500 49] iPhone11Pro, [000002A19DACA900][000002A19E822680 49] iPhone11ProMax, [000002A19DADC200][000002A19E826800 49] iPhoneSE2, [000002A19DAC8B00][000002A19E3EA980 49] iPhone12Mini, [000002A19DADEA00][000002A19E3FAB00 49] iPhone12, [000002A19DACAE00][000002A19E25EC40 49] iPhone12Pro, [000002A19DADCA00][000002A19E41AD80 49] iPhone12ProMax, [000002A19DACB200][000002A19E23AEC0 49] iPadPro105, [000002A19DADF600][000002A196921040 49] iPadPro129, [000002A19DACA000][000002A195E011C0 49] iPadPro97, [000002A19DADE000][000002A195E05340 49] iPadPro2_129, [000002A19DACA400][000002A1969514C0 49] iPad5, [000002A19DADD400][000002A196955640 49] iPad6, [000002A19DAC9000][000002A1969597C0 49] iPad7, [000002A19DADD700][000002A19695D940 49] iPad8, [000002A19DACBC00][000002A195435AC0 49] iPadPro11, [000002A19DADD800][000002A1961F00C0 49] iPadPro2_11, [000002A19DAC8600][000002A1961FC240 49] iPadPro3_129, [000002A19DADCD00][000002A19E3AA3C0 49] iPadPro4_129, [000002A19DACB100][000002A19E3B2540 49] AppleTV, [000002A19DADC800][000002A19E4A26C0 49] AppleTV4K, [000002A19DAC8500][000002A19E4BA840 49] TVOS, [000002A19DADC500][000002A19E52C9C0 49] Mac, [000002A19DAC8700][000002A19E57EB40 49] MacClient, [000002A19DADD500][000002A19E598CC0 49] MacNoEditor, [000002A19DAC9500][000002A19691CE00 49] MacServer, [000002A19DADEE00][000002A19E5A6F40 49] Linux, [000002A19DAC8400][000002A19E5AB080 49] LinuxAArch64, [000002A19DADDE00][000002A19E5AF1C0 49] LinuxNoEditor, [000002A19DAC9C00][000002A19E5B7340 49] LinuxAArch64NoEditor, [000002A19DADE900][000002A19E5BB4C0 49] LinuxClient, [000002A19DACAD00][000002A19EBD7640 49] LinuxAArch64Client, [000002A19DADC100][000002A19EBDB7C0 49] LinuxServer, [000002A19DAC9E00][000002A19EBDF940 49] LinuxAArch64Server, [000002A19DADCB00][000002A196167AC0 49] Android, [000002A19DAC9A00][000002A1961840C0 49] Android_Low, [000002A19DADEF00][000002A1961A0240 49] Android_Mid, [000002A19DAC9100][000002A1961A43C0 49] Android_High, [000002A19DADF000][000002A1961A8540 49] Android_Default, [000002A19DAC9700][000002A1961AC6C0 49] Android_Adreno4xx, [000002A19DADD900][000002A19EC16840 49] Android_Adreno5xx_Low, [000002A19DAC8A00][000002A19EC1E9C0 49] Android_Adreno5xx, [000002A19DADF400][000002A19EC22B40 49] Android_Adreno6xx, [000002A19DAC8E00][000002A19EC26CC0 49] Android_Adreno6xx_Vulkan, [000002A19DADF100][000002A19EC2AE40 49] Android_Mali_T6xx, [000002A19DB5DE00][000002A19E5B2F80 49] Android_Mali_T7xx, [000002A19DB30800][000002A19EC350C0 49] Android_Mali_T8xx, [000002A19DB5D200][000002A19EC39200 49] Android_Mali_G71, [000002A19DB30E00][000002A19EC3D340 49] Android_Mali_G72, [000002A19DB5D100][000002A19E2434C0 49] Android_Mali_G72_Vulkan, [000002A19DB32500][000002A19E247640 49] Android_Mali_G76, [000002A19DB5D500][000002A19E24B7C0 49] Android_Mali_G76_Vulkan, [000002A19DB32000][000002A19E24F940 49] Android_Mali_G77, [000002A19DB5FF00][000002A19E253AC0 49] Android_Mali_G77_Vulkan, [000002A19DB31D00][000002A19E2560C0 49] Android_Mali_G78, [000002A19DB5C300][000002A19E25A240 49] Android_Mali_G78_Vulkan, [000002A19DB30400][000002A19EC1A3C0 49] Android_Mali_G710, [000002A19DB5F700][000002A195416540 49] Android_Mali_G710_Vulkan, [000002A19DB33100][000002A19541A6C0 49] Android_Vulkan_SM5, [000002A19DB5C800][000002A19541E840 49] Android_PowerVR_G6xxx, [000002A19DB30A00][000002A1954229C0 49] Android_PowerVR_GT7xxx, [000002A19DB5CD00][000002A195426B40 49] Android_PowerVR_GE8xxx, [000002A19DB33B00][000002A19542ACC0 49] Android_PowerVR_GM9xxx, [000002A19DB5C600][000002A19E354E40 49] Android_PowerVR_GM9xxx_Vulkan, [000002A19DB31200][000002A19E534FC0 49] Android_TegraK1, [000002A19DB5EB00][000002A19E531140 49] Android_Unknown_Vulkan, [000002A19DB33000][000002A19E23F280 49] Lumin, [000002A19DB5E000][000002A19E4F93C0 49] Lumin_Desktop, [000002A19DB32E00][000002A19E4EF500 49] HoloLens, 
[2024.12.06-00.56.37:598][  0]LogMeshReduction: Using QuadricMeshReduction for automatic static mesh reduction
[2024.12.06-00.56.37:598][  0]LogMeshReduction: Using SimplygonMeshReduction for automatic skeletal mesh reduction
[2024.12.06-00.56.37:598][  0]LogMeshReduction: Using ProxyLODMeshReduction for automatic mesh merging
[2024.12.06-00.56.37:598][  0]LogMeshReduction: No distributed automatic mesh merging module available
[2024.12.06-00.56.37:598][  0]LogMeshMerging: No distributed automatic mesh merging module available
[2024.12.06-00.56.37:617][  0]LogNetVersion: KiP01 1.0.0, NetCL: 17155196, EngineNetVer: 17, GameNetVer: 0 (Checksum: 1528235741)
[2024.12.06-00.56.38:022][  0]LogTexture: Default maximum texture size for cubemaps generated from long-lat sources has been changed from 512 to unlimited. In order to preserve old behaiour for '/Engine/MapTemplates/Sky/DaylightAmbientCubemap.DaylightAmbientCubemap', its maximum texture size has been explicitly set to 512.
[2024.12.06-00.56.38:068][  0]LogHMD: PokeAHoleMaterial loaded successfully
[2024.12.06-00.56.38:073][  0]LogUObjectArray: 17178 objects as part of root set at end of initial load.
[2024.12.06-00.56.38:073][  0]LogUObjectAllocator: 4302048 out of 0 bytes used by permanent object pool.
[2024.12.06-00.56.38:073][  0]LogUObjectArray: CloseDisregardForGC: 0/0 objects in disregard for GC pool
[2024.12.06-00.56.38:298][  0]LogNiagaraDebuggerClient: Niagara Debugger Client Initialized | Session: 3FD11B8A4F2BB2F0C73783A2321E78C4 | Instance: 867802D14139FA9A7538659F4DD8BE62 (MSI-42220).
[2024.12.06-00.56.38:330][  0]LogPython: Using Python 3.7.7
[2024.12.06-00.56.38:732][  0]LogUdpMessaging: Initializing bridge on interface 0.0.0.0:0 to multicast group 230.0.0.1:6666.
[2024.12.06-00.56.38:738][  0]LogTcpMessaging: Initializing TcpMessaging bridge
[2024.12.06-00.56.38:843][  0]SourceControl: Source control is disabled
[2024.12.06-00.56.38:843][  0]SourceControl: Source control is disabled
[2024.12.06-00.56.38:849][  0]SourceControl: Source control is disabled
[2024.12.06-00.56.38:852][  0]SourceControl: Source control is disabled
[2024.12.06-00.56.38:859][  0]SourceControl: Source control is disabled
[2024.12.06-00.56.38:861][  0]LogUProjectInfo: Found projects:
[2024.12.06-00.56.39:018][  0]LogOpenImageDenoise: OIDN starting up
[2024.12.06-00.56.39:068][  0]LogAudioCaptureCore: Display: No Audio Capture implementations found. Audio input will be silent.
[2024.12.06-00.56.39:068][  0]LogAudioCaptureCore: Display: No Audio Capture implementations found. Audio input will be silent.
[2024.12.06-00.56.39:073][  0]LogAndroidPermission: UAndroidPermissionCallbackProxy::GetInstance
[2024.12.06-00.56.39:190][  0]LogCollectionManager: Loaded 0 collections in 0.002066 seconds
[2024.12.06-00.56.39:218][  0]LogFileCache: Scanning file cache for directory 'C:/Users/jmcro/OneDrive/Documents/GitHub/Knowledge-Is-Power/Saved/Collections/' took 0.00s
[2024.12.06-00.56.39:218][  0]LogFileCache: Scanning file cache for directory 'C:/Users/jmcro/OneDrive/Documents/GitHub/Knowledge-Is-Power/Content/Developers/jmcro/Collections/' took 0.00s
[2024.12.06-00.56.39:218][  0]LogFileCache: Scanning file cache for directory 'C:/Users/jmcro/OneDrive/Documents/GitHub/Knowledge-Is-Power/Content/Collections/' took 0.00s
[2024.12.06-00.56.39:218][  0]LogOcInput: OculusInput pre-init called
[2024.12.06-00.56.39:499][  0]LogClass: Display: FloatProperty FShopItem::Price is not initialized properly. Module:SimpleSQLite File:Public/SQLiteCommonTypes.h
[2024.12.06-00.56.39:499][  0]LogClass: Display: 1 Uninitialized script struct members found including 0 object properties
[2024.12.06-00.56.39:499][  0]LogEngine: Initializing Engine...
[2024.12.06-00.56.39:548][  0]LogHMD: Failed to enumerate extensions. Please check that you have a valid OpenXR runtime installed.
[2024.12.06-00.56.39:549][  0]LogHMD: Failed to initialize OpenVR with code 110
[2024.12.06-00.56.39:549][  0]LogMagicLeap: Warning: VR disabled because ZI is not enabled.  To enable, in the editor, Edit -> Project Settings -> Plugins -> Magic Leap Plugin -> Enable Zero Iteration
[2024.12.06-00.56.39:549][  0]LogStats: UGameplayTagsManager::InitializeManager -  0.000 s
[2024.12.06-00.56.39:638][  0]LogInit: Initializing FReadOnlyCVARCache
[2024.12.06-00.56.39:644][  0]LogAIModule: Creating AISystem for world Untitled
[2024.12.06-00.56.39:652][  0]LogAudio: Display: Initializing Audio Device Manager...
[2024.12.06-00.56.39:656][  0]LogAudio: Display: Loading Default Audio Settings Objects...
[2024.12.06-00.56.39:656][  0]LogAudio: Display: No default SoundConcurrencyObject specified (or failed to load).
[2024.12.06-00.56.39:657][  0]LogAudio: Display: Audio Device Manager Initialized
[2024.12.06-00.56.39:657][  0]LogAudio: Display: Creating Audio Device:                 Id: 1, Scope: Shared, Realtime: True
[2024.12.06-00.56.39:657][  0]LogAudioMixer: Display: Audio Mixer Platform Settings:
[2024.12.06-00.56.39:657][  0]LogAudioMixer: Display: 	Sample Rate:						  48000
[2024.12.06-00.56.39:657][  0]LogAudioMixer: Display: 	Callback Buffer Frame Size Requested: 1024
[2024.12.06-00.56.39:657][  0]LogAudioMixer: Display: 	Callback Buffer Frame Size To Use:	  1024
[2024.12.06-00.56.39:657][  0]LogAudioMixer: Display: 	Number of buffers to queue:			  2
[2024.12.06-00.56.39:657][  0]LogAudioMixer: Display: 	Max Channels (voices):				  32
[2024.12.06-00.56.39:657][  0]LogAudioMixer: Display: 	Number of Async Source Workers:		  0
[2024.12.06-00.56.39:657][  0]LogAudio: Display: AudioDevice MaxSources: 32
[2024.12.06-00.56.39:657][  0]LogAudio: Display: Audio Spatialization Plugin: None (built-in).
[2024.12.06-00.56.39:657][  0]LogAudio: Display: Audio Reverb Plugin: None (built-in).
[2024.12.06-00.56.39:657][  0]LogAudio: Display: Audio Occlusion Plugin: None (built-in).
[2024.12.06-00.56.39:657][  0]LogAudioMixer: Display: Initializing audio mixer.
[2024.12.06-00.56.39:725][  0]LogAudioMixer: Display: 0: FrontLeft
[2024.12.06-00.56.39:725][  0]LogAudioMixer: Display: 1: FrontRight
[2024.12.06-00.56.39:885][  0]LogAudioMixer: Display: Using Audio Device Speakers (Realtek(R) Audio)
[2024.12.06-00.56.39:889][  0]LogAudioMixer: Display: Initializing Sound Submixes...
[2024.12.06-00.56.39:892][  0]LogAudioMixer: Display: Creating Master Submix 'MasterSubmixDefault'
[2024.12.06-00.56.39:893][  0]LogAudioMixer: Display: Creating Master Submix 'MasterReverbSubmixDefault'
[2024.12.06-00.56.39:894][  0]LogAudioMixer: Display: Creating Master Submix 'MasterEQSubmixDefault'
[2024.12.06-00.56.39:894][  0]LogAudioMixer: FMixerPlatformXAudio2::StartAudioStream() called
[2024.12.06-00.56.39:894][  0]LogAudioMixer: Display: Output buffers initialized: Frames=1024, Channels=2, Samples=2048
[2024.12.06-00.56.39:896][  0]LogAudioMixer: Display: Starting AudioMixerPlatformInterface::RunInternal()
[2024.12.06-00.56.39:896][  0]LogAudioMixer: Display: FMixerPlatformXAudio2::SubmitBuffer() called for the first time
[2024.12.06-00.56.39:896][  0]LogInit: FAudioDevice initialized.
[2024.12.06-00.56.39:896][  0]LogAudio: Display: Audio Device (ID: 1) registered with world 'Untitled'.
[2024.12.06-00.56.39:896][  0]LogNetVersion: Set ProjectVersion to 1.0.0.0. Version Checksum will be recalculated on next use.
[2024.12.06-00.56.39:951][  0]LogDerivedDataCache: Saved boot cache 0.06s 94MB C:/Users/jmcro/AppData/Local/UnrealEngine/4.27/DerivedDataCache/Boot.ddc.
[2024.12.06-00.56.39:951][  0]LogInit: Texture streaming: Enabled
[2024.12.06-00.56.39:962][  0]LogAnalytics: Display: [UEEditor.Rocket.Release] APIServer = https://datarouter.ol.epicgames.com/. AppVersion = 4.27.2-18319896+++UE4+Release-4.27
[2024.12.06-00.56.39:965][  0]LogEngineSessionManager: EngineSessionManager initialized
[2024.12.06-00.56.39:965][  0]LogEditorSessionSummary: Verbose: Initializing EditorSessionSummaryWriter for editor session tracking
[2024.12.06-00.56.39:969][  0]LogEditorSessionSummary: EditorSessionSummaryWriter initialized
[2024.12.06-00.56.39:998][  0]LogInit: Transaction tracking system initialized
[2024.12.06-00.56.40:016][  0]BlueprintLog: New page: Editor Load
[2024.12.06-00.56.40:066][  0]LocalizationService: Localization service is disabled
[2024.12.06-00.56.40:086][  0]TimingProfiler: Initialize
[2024.12.06-00.56.40:086][  0]TimingProfiler: OnSessionChanged
[2024.12.06-00.56.40:086][  0]LoadingProfiler: Initialize
[2024.12.06-00.56.40:086][  0]LoadingProfiler: OnSessionChanged
[2024.12.06-00.56.40:086][  0]NetworkingProfiler: Initialize
[2024.12.06-00.56.40:086][  0]NetworkingProfiler: OnSessionChanged
[2024.12.06-00.56.40:086][  0]MemoryProfiler: Initialize
[2024.12.06-00.56.40:086][  0]MemoryProfiler: OnSessionChanged
[2024.12.06-00.56.40:224][  0]LogCook: Display: CookSettings for Memory: MemoryMaxUsedVirtual 0MiB, MemoryMaxUsedPhysical 16384MiB, MemoryMinFreeVirtual 0MiB, MemoryMinFreePhysical 1024MiB
[2024.12.06-00.56.40:224][  0]LogCook: Display: Mobile HDR setting 1
[2024.12.06-00.56.40:407][  0]LogFileCache: Scanning file cache for directory 'C:/Users/jmcro/OneDrive/Documents/GitHub/Knowledge-Is-Power/Content/' took 0.01s
[2024.12.06-00.56.40:626][  0]LogInit: Display: Engine is initialized. Leaving FEngineLoop::Init()
[2024.12.06-00.56.40:628][  0]SourceControl: Source control is disabled
[2024.12.06-00.56.40:628][  0]LogUnrealEdMisc: Loading editor; pre map load, took 6.803
[2024.12.06-00.56.40:628][  0]Cmd: MAP LOAD FILE="../../../../../../Users/jmcro/OneDrive/Documents/GitHub/Knowledge-Is-Power/Content/TopDownBP/Maps/Main_MenuMap.umap" TEMPLATE=0 SHOWPROGRESS=1 FEATURELEVEL=3
[2024.12.06-00.56.40:634][  0]LightingResults: New page: Lighting Build
[2024.12.06-00.56.40:635][  0]LogWorld: UWorld::CleanupWorld for Untitled, bSessionEnded=true, bCleanupResources=true
[2024.12.06-00.56.40:635][  0]LogSlate: InvalidateAllWidgets triggered.  All widgets were invalidated
[2024.12.06-00.56.40:635][  0]MapCheck: New page: Map Check
[2024.12.06-00.56.40:635][  0]LightingResults: New page: Lighting Build
[2024.12.06-00.56.40:641][  0]LogAudio: Display: Audio Device unregistered from world 'None'.
[2024.12.06-00.56.40:643][  0]LogUObjectHash: Compacting FUObjectHashTables data took   0.47ms
[2024.12.06-00.56.41:192][  0]LogAudio: Display: Audio Device (ID: 1) registered with world 'Main_MenuMap'.
[2024.12.06-00.56.41:193][  0]LogAIModule: Creating AISystem for world Main_MenuMap
[2024.12.06-00.56.41:193][  0]LogEditorServer: Finished looking for orphan Actors (0.000 secs)
[2024.12.06-00.56.41:203][  0]LogUObjectHash: Compacting FUObjectHashTables data took   0.69ms
[2024.12.06-00.56.41:203][  0]Cmd: MAP CHECKDEP NOCLEARLOG
[2024.12.06-00.56.41:203][  0]MapCheck: Map check complete: 0 Error(s), 0 Warning(s), took 0.148ms to complete.
[2024.12.06-00.56.41:203][  0]LogFileHelpers: Loading map 'Main_MenuMap' took 0.575
[2024.12.06-00.56.41:205][  0]LogUnrealEdMisc: Total Editor Startup Time, took 7.380
[2024.12.06-00.56.41:524][  0]LogSlate: Updating window title bar state: overlay mode, drag disabled, window buttons hidden, title bar hidden
[2024.12.06-00.56.41:530][  0]LogSlate: Updating window title bar state: overlay mode, drag disabled, window buttons hidden, title bar hidden
[2024.12.06-00.56.41:533][  0]LogSlate: Updating window title bar state: overlay mode, drag disabled, window buttons hidden, title bar hidden
[2024.12.06-00.56.41:536][  0]LogSlate: Updating window title bar state: overlay mode, drag disabled, window buttons hidden, title bar hidden
[2024.12.06-00.56.41:573][  0]LogNativeClassHierarchy: Verbose: Native class hierarchy populated in 0.0069 seconds. Added 3825 classes and 931 folders.
[2024.12.06-00.56.41:580][  0]LogNativeClassHierarchy: Verbose: Native class hierarchy updated for 'WidgetCarousel' in 0.0004 seconds. Added 0 classes and 0 folders.
[2024.12.06-00.56.41:598][  0]LogPakFile: PakFile PrimaryIndexSize=187
[2024.12.06-00.56.41:598][  0]LogPakFile: PakFile PathHashIndexSize=101
[2024.12.06-00.56.41:598][  0]LogPakFile: PakFile FullDirectoryIndexSize=148
[2024.12.06-00.56.41:598][  0]LogShaderLibrary: Display: ShaderCodeLibraryPakFileMountedCallback: PakFile 'C:/Program Files/Epic Games/UE_4.27/FeaturePacks/FP_FirstPerson.upack' (chunk index -1, root 'root:/') mounted
[2024.12.06-00.56.41:598][  0]LogShaderLibrary: Display: ShaderCodeLibraryPakFileMountedCallback: pending pak file info (ChunkID:-1 Root:root:/ File:C:/Program Files/Epic Games/UE_4.27/FeaturePacks/FP_FirstPerson.upack)
[2024.12.06-00.56.41:598][  0]LogPakFile: OnPakFileMounted2Time == 0.000396
[2024.12.06-00.56.41:609][  0]LogPakFile: PakFile PrimaryIndexSize=189
[2024.12.06-00.56.41:609][  0]LogPakFile: PakFile PathHashIndexSize=101
[2024.12.06-00.56.41:609][  0]LogPakFile: PakFile FullDirectoryIndexSize=152
[2024.12.06-00.56.41:609][  0]LogShaderLibrary: Display: ShaderCodeLibraryPakFileMountedCallback: PakFile 'C:/Program Files/Epic Games/UE_4.27/FeaturePacks/FP_FirstPersonBP.upack' (chunk index -1, root 'root:/') mounted
[2024.12.06-00.56.41:609][  0]LogShaderLibrary: Display: ShaderCodeLibraryPakFileMountedCallback: pending pak file info (ChunkID:-1 Root:root:/ File:C:/Program Files/Epic Games/UE_4.27/FeaturePacks/FP_FirstPersonBP.upack)
[2024.12.06-00.56.41:609][  0]LogPakFile: OnPakFileMounted2Time == 0.000031
[2024.12.06-00.56.41:617][  0]LogPakFile: PakFile PrimaryIndexSize=191
[2024.12.06-00.56.41:617][  0]LogPakFile: PakFile PathHashIndexSize=101
[2024.12.06-00.56.41:617][  0]LogPakFile: PakFile FullDirectoryIndexSize=160
[2024.12.06-00.56.41:617][  0]LogShaderLibrary: Display: ShaderCodeLibraryPakFileMountedCallback: PakFile 'C:/Program Files/Epic Games/UE_4.27/FeaturePacks/MobileStarterContent.upack' (chunk index -1, root 'root:/') mounted
[2024.12.06-00.56.41:617][  0]LogShaderLibrary: Display: ShaderCodeLibraryPakFileMountedCallback: pending pak file info (ChunkID:-1 Root:root:/ File:C:/Program Files/Epic Games/UE_4.27/FeaturePacks/MobileStarterContent.upack)
[2024.12.06-00.56.41:617][  0]LogPakFile: OnPakFileMounted2Time == 0.000023
[2024.12.06-00.56.41:624][  0]LogPakFile: PakFile PrimaryIndexSize=185
[2024.12.06-00.56.41:624][  0]LogPakFile: PakFile PathHashIndexSize=101
[2024.12.06-00.56.41:624][  0]LogPakFile: PakFile FullDirectoryIndexSize=148
[2024.12.06-00.56.41:624][  0]LogShaderLibrary: Display: ShaderCodeLibraryPakFileMountedCallback: PakFile 'C:/Program Files/Epic Games/UE_4.27/FeaturePacks/StarterContent.upack' (chunk index -1, root 'root:/') mounted
[2024.12.06-00.56.41:624][  0]LogShaderLibrary: Display: ShaderCodeLibraryPakFileMountedCallback: pending pak file info (ChunkID:-1 Root:root:/ File:C:/Program Files/Epic Games/UE_4.27/FeaturePacks/StarterContent.upack)
[2024.12.06-00.56.41:624][  0]LogPakFile: OnPakFileMounted2Time == 0.000026
[2024.12.06-00.56.41:630][  0]LogPakFile: PakFile PrimaryIndexSize=190
[2024.12.06-00.56.41:630][  0]LogPakFile: PakFile PathHashIndexSize=101
[2024.12.06-00.56.41:630][  0]LogPakFile: PakFile FullDirectoryIndexSize=154
[2024.12.06-00.56.41:630][  0]LogShaderLibrary: Display: ShaderCodeLibraryPakFileMountedCallback: PakFile 'C:/Program Files/Epic Games/UE_4.27/FeaturePacks/TP_2DSideScroller.upack' (chunk index -1, root 'root:/') mounted
[2024.12.06-00.56.41:630][  0]LogShaderLibrary: Display: ShaderCodeLibraryPakFileMountedCallback: pending pak file info (ChunkID:-1 Root:root:/ File:C:/Program Files/Epic Games/UE_4.27/FeaturePacks/TP_2DSideScroller.upack)
[2024.12.06-00.56.41:630][  0]LogPakFile: OnPakFileMounted2Time == 0.000023
[2024.12.06-00.56.41:635][  0]LogPakFile: PakFile PrimaryIndexSize=192
[2024.12.06-00.56.41:635][  0]LogPakFile: PakFile PathHashIndexSize=101
[2024.12.06-00.56.41:635][  0]LogPakFile: PakFile FullDirectoryIndexSize=158
[2024.12.06-00.56.41:635][  0]LogShaderLibrary: Display: ShaderCodeLibraryPakFileMountedCallback: PakFile 'C:/Program Files/Epic Games/UE_4.27/FeaturePacks/TP_2DSideScrollerBP.upack' (chunk index -1, root 'root:/') mounted
[2024.12.06-00.56.41:635][  0]LogShaderLibrary: Display: ShaderCodeLibraryPakFileMountedCallback: pending pak file info (ChunkID:-1 Root:root:/ File:C:/Program Files/Epic Games/UE_4.27/FeaturePacks/TP_2DSideScrollerBP.upack)
[2024.12.06-00.56.41:635][  0]LogPakFile: OnPakFileMounted2Time == 0.000032
[2024.12.06-00.56.41:641][  0]LogPakFile: PakFile PrimaryIndexSize=182
[2024.12.06-00.56.41:641][  0]LogPakFile: PakFile PathHashIndexSize=101
[2024.12.06-00.56.41:641][  0]LogPakFile: PakFile FullDirectoryIndexSize=138
[2024.12.06-00.56.41:641][  0]LogShaderLibrary: Display: ShaderCodeLibraryPakFileMountedCallback: PakFile 'C:/Program Files/Epic Games/UE_4.27/FeaturePacks/TP_Flying.upack' (chunk index -1, root 'root:/') mounted
[2024.12.06-00.56.41:641][  0]LogShaderLibrary: Display: ShaderCodeLibraryPakFileMountedCallback: pending pak file info (ChunkID:-1 Root:root:/ File:C:/Program Files/Epic Games/UE_4.27/FeaturePacks/TP_Flying.upack)
[2024.12.06-00.56.41:641][  0]LogPakFile: OnPakFileMounted2Time == 0.000021
[2024.12.06-00.56.41:649][  0]LogPakFile: PakFile PrimaryIndexSize=184
[2024.12.06-00.56.41:649][  0]LogPakFile: PakFile PathHashIndexSize=101
[2024.12.06-00.56.41:649][  0]LogPakFile: PakFile FullDirectoryIndexSize=142
[2024.12.06-00.56.41:649][  0]LogShaderLibrary: Display: ShaderCodeLibraryPakFileMountedCallback: PakFile 'C:/Program Files/Epic Games/UE_4.27/FeaturePacks/TP_FlyingBP.upack' (chunk index -1, root 'root:/') mounted
[2024.12.06-00.56.41:649][  0]LogShaderLibrary: Display: ShaderCodeLibraryPakFileMountedCallback: pending pak file info (ChunkID:-1 Root:root:/ File:C:/Program Files/Epic Games/UE_4.27/FeaturePacks/TP_FlyingBP.upack)
[2024.12.06-00.56.41:649][  0]LogPakFile: OnPakFileMounted2Time == 0.000023
[2024.12.06-00.56.41:656][  0]LogPakFile: PakFile PrimaryIndexSize=188
[2024.12.06-00.56.41:656][  0]LogPakFile: PakFile PathHashIndexSize=101
[2024.12.06-00.56.41:656][  0]LogPakFile: PakFile FullDirectoryIndexSize=150
[2024.12.06-00.56.41:656][  0]LogShaderLibrary: Display: ShaderCodeLibraryPakFileMountedCallback: PakFile 'C:/Program Files/Epic Games/UE_4.27/FeaturePacks/TP_HandheldARBP.upack' (chunk index -1, root 'root:/') mounted
[2024.12.06-00.56.41:656][  0]LogShaderLibrary: Display: ShaderCodeLibraryPakFileMountedCallback: pending pak file info (ChunkID:-1 Root:root:/ File:C:/Program Files/Epic Games/UE_4.27/FeaturePacks/TP_HandheldARBP.upack)
[2024.12.06-00.56.41:656][  0]LogPakFile: OnPakFileMounted2Time == 0.000022
[2024.12.06-00.56.41:662][  0]LogPakFile: PakFile PrimaryIndexSize=182
[2024.12.06-00.56.41:662][  0]LogPakFile: PakFile PathHashIndexSize=101
[2024.12.06-00.56.41:662][  0]LogPakFile: PakFile FullDirectoryIndexSize=138
[2024.12.06-00.56.41:662][  0]LogShaderLibrary: Display: ShaderCodeLibraryPakFileMountedCallback: PakFile 'C:/Program Files/Epic Games/UE_4.27/FeaturePacks/TP_Puzzle.upack' (chunk index -1, root 'root:/') mounted
[2024.12.06-00.56.41:662][  0]LogShaderLibrary: Display: ShaderCodeLibraryPakFileMountedCallback: pending pak file info (ChunkID:-1 Root:root:/ File:C:/Program Files/Epic Games/UE_4.27/FeaturePacks/TP_Puzzle.upack)
[2024.12.06-00.56.41:662][  0]LogPakFile: OnPakFileMounted2Time == 0.000022
[2024.12.06-00.56.41:667][  0]LogPakFile: PakFile PrimaryIndexSize=184
[2024.12.06-00.56.41:667][  0]LogPakFile: PakFile PathHashIndexSize=101
[2024.12.06-00.56.41:668][  0]LogPakFile: PakFile FullDirectoryIndexSize=142
[2024.12.06-00.56.41:668][  0]LogShaderLibrary: Display: ShaderCodeLibraryPakFileMountedCallback: PakFile 'C:/Program Files/Epic Games/UE_4.27/FeaturePacks/TP_PuzzleBP.upack' (chunk index -1, root 'root:/') mounted
[2024.12.06-00.56.41:668][  0]LogShaderLibrary: Display: ShaderCodeLibraryPakFileMountedCallback: pending pak file info (ChunkID:-1 Root:root:/ File:C:/Program Files/Epic Games/UE_4.27/FeaturePacks/TP_PuzzleBP.upack)
[2024.12.06-00.56.41:668][  0]LogPakFile: OnPakFileMounted2Time == 0.000021
[2024.12.06-00.56.41:673][  0]LogPakFile: PakFile PrimaryIndexSize=183
[2024.12.06-00.56.41:673][  0]LogPakFile: PakFile PathHashIndexSize=101
[2024.12.06-00.56.41:673][  0]LogPakFile: PakFile FullDirectoryIndexSize=140
[2024.12.06-00.56.41:673][  0]LogShaderLibrary: Display: ShaderCodeLibraryPakFileMountedCallback: PakFile 'C:/Program Files/Epic Games/UE_4.27/FeaturePacks/TP_Rolling.upack' (chunk index -1, root 'root:/') mounted
[2024.12.06-00.56.41:673][  0]LogShaderLibrary: Display: ShaderCodeLibraryPakFileMountedCallback: pending pak file info (ChunkID:-1 Root:root:/ File:C:/Program Files/Epic Games/UE_4.27/FeaturePacks/TP_Rolling.upack)
[2024.12.06-00.56.41:673][  0]LogPakFile: OnPakFileMounted2Time == 0.000021
[2024.12.06-00.56.41:679][  0]LogPakFile: PakFile PrimaryIndexSize=185
[2024.12.06-00.56.41:679][  0]LogPakFile: PakFile PathHashIndexSize=101
[2024.12.06-00.56.41:679][  0]LogPakFile: PakFile FullDirectoryIndexSize=144
[2024.12.06-00.56.41:679][  0]LogShaderLibrary: Display: ShaderCodeLibraryPakFileMountedCallback: PakFile 'C:/Program Files/Epic Games/UE_4.27/FeaturePacks/TP_RollingBP.upack' (chunk index -1, root 'root:/') mounted
[2024.12.06-00.56.41:679][  0]LogShaderLibrary: Display: ShaderCodeLibraryPakFileMountedCallback: pending pak file info (ChunkID:-1 Root:root:/ File:C:/Program Files/Epic Games/UE_4.27/FeaturePacks/TP_RollingBP.upack)
[2024.12.06-00.56.41:679][  0]LogPakFile: OnPakFileMounted2Time == 0.000031
[2024.12.06-00.56.41:685][  0]LogPakFile: PakFile PrimaryIndexSize=188
[2024.12.06-00.56.41:686][  0]LogPakFile: PakFile PathHashIndexSize=101
[2024.12.06-00.56.41:686][  0]LogPakFile: PakFile FullDirectoryIndexSize=150
[2024.12.06-00.56.41:686][  0]LogShaderLibrary: Display: ShaderCodeLibraryPakFileMountedCallback: PakFile 'C:/Program Files/Epic Games/UE_4.27/FeaturePacks/TP_SideScroller.upack' (chunk index -1, root 'root:/') mounted
[2024.12.06-00.56.41:686][  0]LogShaderLibrary: Display: ShaderCodeLibraryPakFileMountedCallback: pending pak file info (ChunkID:-1 Root:root:/ File:C:/Program Files/Epic Games/UE_4.27/FeaturePacks/TP_SideScroller.upack)
[2024.12.06-00.56.41:686][  0]LogPakFile: OnPakFileMounted2Time == 0.000026
[2024.12.06-00.56.41:691][  0]LogPakFile: PakFile PrimaryIndexSize=190
[2024.12.06-00.56.41:691][  0]LogPakFile: PakFile PathHashIndexSize=101
[2024.12.06-00.56.41:691][  0]LogPakFile: PakFile FullDirectoryIndexSize=154
[2024.12.06-00.56.41:691][  0]LogShaderLibrary: Display: ShaderCodeLibraryPakFileMountedCallback: PakFile 'C:/Program Files/Epic Games/UE_4.27/FeaturePacks/TP_SideScrollerBP.upack' (chunk index -1, root 'root:/') mounted
[2024.12.06-00.56.41:691][  0]LogShaderLibrary: Display: ShaderCodeLibraryPakFileMountedCallback: pending pak file info (ChunkID:-1 Root:root:/ File:C:/Program Files/Epic Games/UE_4.27/FeaturePacks/TP_SideScrollerBP.upack)
[2024.12.06-00.56.41:691][  0]LogPakFile: OnPakFileMounted2Time == 0.000022
[2024.12.06-00.56.41:697][  0]LogPakFile: PakFile PrimaryIndexSize=187
[2024.12.06-00.56.41:697][  0]LogPakFile: PakFile PathHashIndexSize=101
[2024.12.06-00.56.41:697][  0]LogPakFile: PakFile FullDirectoryIndexSize=148
[2024.12.06-00.56.41:697][  0]LogShaderLibrary: Display: ShaderCodeLibraryPakFileMountedCallback: PakFile 'C:/Program Files/Epic Games/UE_4.27/FeaturePacks/TP_ThirdPerson.upack' (chunk index -1, root 'root:/') mounted
[2024.12.06-00.56.41:697][  0]LogShaderLibrary: Display: ShaderCodeLibraryPakFileMountedCallback: pending pak file info (ChunkID:-1 Root:root:/ File:C:/Program Files/Epic Games/UE_4.27/FeaturePacks/TP_ThirdPerson.upack)
[2024.12.06-00.56.41:697][  0]LogPakFile: OnPakFileMounted2Time == 0.000025
[2024.12.06-00.56.41:703][  0]LogPakFile: PakFile PrimaryIndexSize=189
[2024.12.06-00.56.41:703][  0]LogPakFile: PakFile PathHashIndexSize=101
[2024.12.06-00.56.41:703][  0]LogPakFile: PakFile FullDirectoryIndexSize=152
[2024.12.06-00.56.41:703][  0]LogShaderLibrary: Display: ShaderCodeLibraryPakFileMountedCallback: PakFile 'C:/Program Files/Epic Games/UE_4.27/FeaturePacks/TP_ThirdPersonBP.upack' (chunk index -1, root 'root:/') mounted
[2024.12.06-00.56.41:703][  0]LogShaderLibrary: Display: ShaderCodeLibraryPakFileMountedCallback: pending pak file info (ChunkID:-1 Root:root:/ File:C:/Program Files/Epic Games/UE_4.27/FeaturePacks/TP_ThirdPersonBP.upack)
[2024.12.06-00.56.41:703][  0]LogPakFile: OnPakFileMounted2Time == 0.000022
[2024.12.06-00.56.41:708][  0]LogPakFile: PakFile PrimaryIndexSize=183
[2024.12.06-00.56.41:708][  0]LogPakFile: PakFile PathHashIndexSize=101
[2024.12.06-00.56.41:708][  0]LogPakFile: PakFile FullDirectoryIndexSize=140
[2024.12.06-00.56.41:708][  0]LogShaderLibrary: Display: ShaderCodeLibraryPakFileMountedCallback: PakFile 'C:/Program Files/Epic Games/UE_4.27/FeaturePacks/TP_TopDown.upack' (chunk index -1, root 'root:/') mounted
[2024.12.06-00.56.41:708][  0]LogShaderLibrary: Display: ShaderCodeLibraryPakFileMountedCallback: pending pak file info (ChunkID:-1 Root:root:/ File:C:/Program Files/Epic Games/UE_4.27/FeaturePacks/TP_TopDown.upack)
[2024.12.06-00.56.41:708][  0]LogPakFile: OnPakFileMounted2Time == 0.000032
[2024.12.06-00.56.41:714][  0]LogPakFile: PakFile PrimaryIndexSize=185
[2024.12.06-00.56.41:714][  0]LogPakFile: PakFile PathHashIndexSize=101
[2024.12.06-00.56.41:714][  0]LogPakFile: PakFile FullDirectoryIndexSize=144
[2024.12.06-00.56.41:714][  0]LogShaderLibrary: Display: ShaderCodeLibraryPakFileMountedCallback: PakFile 'C:/Program Files/Epic Games/UE_4.27/FeaturePacks/TP_TopDownBP.upack' (chunk index -1, root 'root:/') mounted
[2024.12.06-00.56.41:714][  0]LogShaderLibrary: Display: ShaderCodeLibraryPakFileMountedCallback: pending pak file info (ChunkID:-1 Root:root:/ File:C:/Program Files/Epic Games/UE_4.27/FeaturePacks/TP_TopDownBP.upack)
[2024.12.06-00.56.41:714][  0]LogPakFile: OnPakFileMounted2Time == 0.000031
[2024.12.06-00.56.41:723][  0]LogPakFile: PakFile PrimaryIndexSize=185
[2024.12.06-00.56.41:723][  0]LogPakFile: PakFile PathHashIndexSize=101
[2024.12.06-00.56.41:723][  0]LogPakFile: PakFile FullDirectoryIndexSize=144
[2024.12.06-00.56.41:723][  0]LogShaderLibrary: Display: ShaderCodeLibraryPakFileMountedCallback: PakFile 'C:/Program Files/Epic Games/UE_4.27/FeaturePacks/TP_TwinStick.upack' (chunk index -1, root 'root:/') mounted
[2024.12.06-00.56.41:723][  0]LogShaderLibrary: Display: ShaderCodeLibraryPakFileMountedCallback: pending pak file info (ChunkID:-1 Root:root:/ File:C:/Program Files/Epic Games/UE_4.27/FeaturePacks/TP_TwinStick.upack)
[2024.12.06-00.56.41:723][  0]LogPakFile: OnPakFileMounted2Time == 0.000023
[2024.12.06-00.56.41:728][  0]LogPakFile: PakFile PrimaryIndexSize=187
[2024.12.06-00.56.41:728][  0]LogPakFile: PakFile PathHashIndexSize=101
[2024.12.06-00.56.41:728][  0]LogPakFile: PakFile FullDirectoryIndexSize=148
[2024.12.06-00.56.41:728][  0]LogShaderLibrary: Display: ShaderCodeLibraryPakFileMountedCallback: PakFile 'C:/Program Files/Epic Games/UE_4.27/FeaturePacks/TP_TwinStickBP.upack' (chunk index -1, root 'root:/') mounted
[2024.12.06-00.56.41:728][  0]LogShaderLibrary: Display: ShaderCodeLibraryPakFileMountedCallback: pending pak file info (ChunkID:-1 Root:root:/ File:C:/Program Files/Epic Games/UE_4.27/FeaturePacks/TP_TwinStickBP.upack)
[2024.12.06-00.56.41:728][  0]LogPakFile: OnPakFileMounted2Time == 0.000021
[2024.12.06-00.56.41:735][  0]LogPakFile: PakFile PrimaryIndexSize=183
[2024.12.06-00.56.41:735][  0]LogPakFile: PakFile PathHashIndexSize=101
[2024.12.06-00.56.41:735][  0]LogPakFile: PakFile FullDirectoryIndexSize=140
[2024.12.06-00.56.41:735][  0]LogShaderLibrary: Display: ShaderCodeLibraryPakFileMountedCallback: PakFile 'C:/Program Files/Epic Games/UE_4.27/FeaturePacks/TP_Vehicle.upack' (chunk index -1, root 'root:/') mounted
[2024.12.06-00.56.41:735][  0]LogShaderLibrary: Display: ShaderCodeLibraryPakFileMountedCallback: pending pak file info (ChunkID:-1 Root:root:/ File:C:/Program Files/Epic Games/UE_4.27/FeaturePacks/TP_Vehicle.upack)
[2024.12.06-00.56.41:735][  0]LogPakFile: OnPakFileMounted2Time == 0.000025
[2024.12.06-00.56.41:740][  0]LogPakFile: PakFile PrimaryIndexSize=186
[2024.12.06-00.56.41:740][  0]LogPakFile: PakFile PathHashIndexSize=101
[2024.12.06-00.56.41:740][  0]LogPakFile: PakFile FullDirectoryIndexSize=146
[2024.12.06-00.56.41:740][  0]LogShaderLibrary: Display: ShaderCodeLibraryPakFileMountedCallback: PakFile 'C:/Program Files/Epic Games/UE_4.27/FeaturePacks/TP_VehicleAdv.upack' (chunk index -1, root 'root:/') mounted
[2024.12.06-00.56.41:740][  0]LogShaderLibrary: Display: ShaderCodeLibraryPakFileMountedCallback: pending pak file info (ChunkID:-1 Root:root:/ File:C:/Program Files/Epic Games/UE_4.27/FeaturePacks/TP_VehicleAdv.upack)
[2024.12.06-00.56.41:740][  0]LogPakFile: OnPakFileMounted2Time == 0.000024
[2024.12.06-00.56.41:745][  0]LogPakFile: PakFile PrimaryIndexSize=188
[2024.12.06-00.56.41:745][  0]LogPakFile: PakFile PathHashIndexSize=101
[2024.12.06-00.56.41:745][  0]LogPakFile: PakFile FullDirectoryIndexSize=150
[2024.12.06-00.56.41:745][  0]LogShaderLibrary: Display: ShaderCodeLibraryPakFileMountedCallback: PakFile 'C:/Program Files/Epic Games/UE_4.27/FeaturePacks/TP_VehicleAdvBP.upack' (chunk index -1, root 'root:/') mounted
[2024.12.06-00.56.41:745][  0]LogShaderLibrary: Display: ShaderCodeLibraryPakFileMountedCallback: pending pak file info (ChunkID:-1 Root:root:/ File:C:/Program Files/Epic Games/UE_4.27/FeaturePacks/TP_VehicleAdvBP.upack)
[2024.12.06-00.56.41:745][  0]LogPakFile: OnPakFileMounted2Time == 0.000040
[2024.12.06-00.56.41:751][  0]LogPakFile: PakFile PrimaryIndexSize=185
[2024.12.06-00.56.41:751][  0]LogPakFile: PakFile PathHashIndexSize=101
[2024.12.06-00.56.41:751][  0]LogPakFile: PakFile FullDirectoryIndexSize=144
[2024.12.06-00.56.41:751][  0]LogShaderLibrary: Display: ShaderCodeLibraryPakFileMountedCallback: PakFile 'C:/Program Files/Epic Games/UE_4.27/FeaturePacks/TP_VehicleBP.upack' (chunk index -1, root 'root:/') mounted
[2024.12.06-00.56.41:751][  0]LogShaderLibrary: Display: ShaderCodeLibraryPakFileMountedCallback: pending pak file info (ChunkID:-1 Root:root:/ File:C:/Program Files/Epic Games/UE_4.27/FeaturePacks/TP_VehicleBP.upack)
[2024.12.06-00.56.41:751][  0]LogPakFile: OnPakFileMounted2Time == 0.000022
[2024.12.06-00.56.41:756][  0]LogPakFile: PakFile PrimaryIndexSize=192
[2024.12.06-00.56.41:756][  0]LogPakFile: PakFile PathHashIndexSize=101
[2024.12.06-00.56.41:756][  0]LogPakFile: PakFile FullDirectoryIndexSize=158
[2024.12.06-00.56.41:756][  0]LogShaderLibrary: Display: ShaderCodeLibraryPakFileMountedCallback: PakFile 'C:/Program Files/Epic Games/UE_4.27/FeaturePacks/TP_VirtualRealityBP.upack' (chunk index -1, root 'root:/') mounted
[2024.12.06-00.56.41:756][  0]LogShaderLibrary: Display: ShaderCodeLibraryPakFileMountedCallback: pending pak file info (ChunkID:-1 Root:root:/ File:C:/Program Files/Epic Games/UE_4.27/FeaturePacks/TP_VirtualRealityBP.upack)
[2024.12.06-00.56.41:756][  0]LogPakFile: OnPakFileMounted2Time == 0.000021
[2024.12.06-00.56.42:083][  0]LogNativeClassHierarchy: Verbose: Native class hierarchy updated for 'AddContentDialog' in 0.0003 seconds. Added 0 classes and 0 folders.
[2024.12.06-00.56.42:089][  0]LogNativeClassHierarchy: Verbose: Native class hierarchy updated for 'SceneOutliner' in 0.0003 seconds. Added 2 classes and 0 folders.
[2024.12.06-00.56.42:224][  0]LogNativeClassHierarchy: Verbose: Native class hierarchy updated for 'HierarchicalLODOutliner' in 0.0003 seconds. Added 0 classes and 0 folders.
[2024.12.06-00.56.42:224][  0]LogInput: Warning: Action SetDestination uses invalid key OculusGo_Left_Trigger_Click.
[2024.12.06-00.56.42:224][  0]LogInput: Warning: Action ResetVR uses invalid key OculusGo_Left_Back_Click.
[2024.12.06-00.56.42:224][  0]LogInput: Warning: Use -RemoveInvalidKeys to remove instances of these keys from the action mapping.
[2024.12.06-00.56.42:224][  0]LogLoad: (Engine Initialization) Total time: 8.40 seconds
[2024.12.06-00.56.42:224][  0]LogLoad: (Engine Initialization) Total Blueprint compile time: 0.00 seconds
[2024.12.06-00.56.42:300][  0]LogAssetRegistry: Asset discovery search completed in 5.0251 seconds
[2024.12.06-00.56.42:304][  0]LogCollectionManager: Fixed up redirectors for 0 collections in 0.000003 seconds (updated 0 objects)
[2024.12.06-00.56.42:309][  0]LogContentStreaming: Texture pool size now 1000 MB
[2024.12.06-00.56.42:317][  0]LogSlate: Took 0.000144 seconds to synchronously load lazily loaded font '../../../Engine/Content/Slate/Fonts/Roboto-Regular.ttf' (155K)
[2024.12.06-00.56.42:325][  0]LogSlate: Took 0.007534 seconds to synchronously load lazily loaded font '../../../Engine/Content/Editor/Slate/Fonts/FontAwesome.ttf' (139K)
[2024.12.06-00.56.42:326][  0]LogSlate: Took 0.000160 seconds to synchronously load lazily loaded font '../../../Engine/Content/Slate/Fonts/Roboto-Bold.ttf' (160K)
[2024.12.06-00.56.42:498][  1]LogRenderer: Reallocating scene render targets to support 744x384 Format 10 NumSamples 1 (Frame:1).
[2024.12.06-00.56.42:502][  1]LogFileCache: Retrieving MD5 hashes for directory 'C:/Users/jmcro/OneDrive/Documents/GitHub/Knowledge-Is-Power/Content/' took 0.23s
[2024.12.06-00.56.54:492][687]LogRenderer: Reallocating scene render targets to support 964x488 Format 10 NumSamples 1 (Frame:681).
[2024.12.06-00.56.54:492][687]LogSlate: Took 0.009081 seconds to synchronously load lazily loaded font '../../../Engine/Content/Slate/Fonts/Roboto-Light.ttf' (167K)
[2024.12.06-00.56.58:867][898]LogSlate: Took 0.000253 seconds to synchronously load lazily loaded font '../../../Engine/Content/Slate/Fonts/Roboto-Light.ttf' (167K)
[2024.12.06-00.56.58:965][898]LogAssetEditorSubsystem: Opening Asset editor for Blueprint /Game/TopDownBP/Blueprints/Progression.Progression
[2024.12.06-00.57.00:119][898]LogNativeClassHierarchy: Verbose: Native class hierarchy updated for 'BlueprintGraph' in 0.0007 seconds. Added 126 classes and 0 folders.
[2024.12.06-00.57.01:592][898]LogSlate: Took 0.000405 seconds to synchronously load lazily loaded font '../../../Engine/Content/Slate/Fonts/Roboto-BoldCondensed.ttf' (158K)
[2024.12.06-00.57.01:776][898]LogSlate: Took 0.006700 seconds to synchronously load lazily loaded font '../../../Engine/Content/Slate/Fonts/DroidSansMono.ttf' (77K)
[2024.12.06-01.29.03:755][789]LogRenderer: Reallocating scene render targets to support 964x520 Format 10 NumSamples 1 (Frame:35758).
